mode: set
github.com/davidparkercodes/belay/cmd/belay/main.go:13.13,17.39 3 0
github.com/davidparkercodes/belay/cmd/belay/main.go:17.39,20.3 2 0
github.com/davidparkercodes/belay/cmd/belay/commands/claudecode.go:19.40,32.2 3 1
github.com/davidparkercodes/belay/cmd/belay/commands/claudecode.go:34.45,47.2 2 1
github.com/davidparkercodes/belay/cmd/belay/commands/claudecode.go:49.60,51.2 1 0
github.com/davidparkercodes/belay/cmd/belay/commands/claudecode.go:54.36,73.2 11 0
github.com/davidparkercodes/belay/cmd/belay/commands/commit.go:18.36,35.2 8 1
github.com/davidparkercodes/belay/cmd/belay/commands/commit.go:37.57,45.16 7 0
github.com/davidparkercodes/belay/cmd/belay/commands/commit.go:45.16,47.3 1 0
github.com/davidparkercodes/belay/cmd/belay/commands/commit.go:49.2,50.16 2 0
github.com/davidparkercodes/belay/cmd/belay/commands/commit.go:50.16,52.3 1 0
github.com/davidparkercodes/belay/cmd/belay/commands/commit.go:54.2,54.85 1 0
github.com/davidparkercodes/belay/cmd/belay/commands/commit.go:54.85,56.3 1 0
github.com/davidparkercodes/belay/cmd/belay/commands/commit.go:58.2,59.16 2 0
github.com/davidparkercodes/belay/cmd/belay/commands/commit.go:59.16,61.3 1 0
github.com/davidparkercodes/belay/cmd/belay/commands/commit.go:62.2,65.16 3 0
github.com/davidparkercodes/belay/cmd/belay/commands/commit.go:65.16,67.3 1 0
github.com/davidparkercodes/belay/cmd/belay/commands/commit.go:68.2,71.16 3 0
github.com/davidparkercodes/belay/cmd/belay/commands/commit.go:71.16,73.3 1 0
github.com/davidparkercodes/belay/cmd/belay/commands/commit.go:75.2,79.36 2 0
github.com/davidparkercodes/belay/cmd/belay/commands/commit.go:79.36,81.3 1 0
github.com/davidparkercodes/belay/cmd/belay/commands/commit.go:83.2,92.27 3 0
github.com/davidparkercodes/belay/cmd/belay/commands/commit.go:92.27,94.14 2 0
github.com/davidparkercodes/belay/cmd/belay/commands/commit.go:94.14,100.4 2 0
github.com/davidparkercodes/belay/cmd/belay/commands/commit.go:101.3,104.10 3 0
github.com/davidparkercodes/belay/cmd/belay/commands/commit.go:105.32,106.20 1 0
github.com/davidparkercodes/belay/cmd/belay/commands/commit.go:107.52,108.20 1 0
github.com/davidparkercodes/belay/cmd/belay/commands/commit.go:109.11,110.25 1 0
github.com/davidparkercodes/belay/cmd/belay/commands/commit.go:110.25,112.5 1 0
github.com/davidparkercodes/belay/cmd/belay/commands/commit.go:116.2,116.32 1 0
github.com/davidparkercodes/belay/cmd/belay/commands/commit.go:116.32,117.52 1 0
github.com/davidparkercodes/belay/cmd/belay/commands/commit.go:117.52,119.4 1 0
github.com/davidparkercodes/belay/cmd/belay/commands/commit.go:122.2,122.23 1 0
github.com/davidparkercodes/belay/cmd/belay/commands/commit.go:122.23,125.3 2 0
github.com/davidparkercodes/belay/cmd/belay/commands/commit.go:127.2,128.29 2 0
github.com/davidparkercodes/belay/cmd/belay/commands/commit.go:128.29,129.16 1 0
github.com/davidparkercodes/belay/cmd/belay/commands/commit.go:130.17,131.11 1 0
github.com/davidparkercodes/belay/cmd/belay/commands/commit.go:132.17,133.14 1 0
github.com/davidparkercodes/belay/cmd/belay/commands/commit.go:134.17,135.13 1 0
github.com/davidparkercodes/belay/cmd/belay/commands/commit.go:139.2,142.29 2 0
github.com/davidparkercodes/belay/cmd/belay/commands/commit.go:142.29,143.16 1 0
github.com/davidparkercodes/belay/cmd/belay/commands/commit.go:144.17,145.50 1 0
github.com/davidparkercodes/belay/cmd/belay/commands/commit.go:146.17,147.50 1 0
github.com/davidparkercodes/belay/cmd/belay/commands/commit.go:148.17,149.50 1 0
github.com/davidparkercodes/belay/cmd/belay/commands/commit.go:153.2,153.12 1 0
github.com/davidparkercodes/belay/cmd/belay/commands/commit.go:153.12,156.3 2 0
github.com/davidparkercodes/belay/cmd/belay/commands/commit.go:158.2,158.83 1 0
github.com/davidparkercodes/belay/cmd/belay/commands/commit.go:158.83,161.3 2 0
github.com/davidparkercodes/belay/cmd/belay/commands/commit.go:163.2,163.29 1 0
github.com/davidparkercodes/belay/cmd/belay/commands/commit.go:163.29,166.16 2 0
github.com/davidparkercodes/belay/cmd/belay/commands/commit.go:167.27,168.24 1 0
github.com/davidparkercodes/belay/cmd/belay/commands/commit.go:168.24,169.13 1 0
github.com/davidparkercodes/belay/cmd/belay/commands/commit.go:171.4,172.18 2 0
github.com/davidparkercodes/belay/cmd/belay/commands/commit.go:172.18,174.5 1 0
github.com/davidparkercodes/belay/cmd/belay/commands/commit.go:175.4,175.67 1 0
github.com/davidparkercodes/belay/cmd/belay/commands/commit.go:175.67,177.5 1 0
github.com/davidparkercodes/belay/cmd/belay/commands/commit.go:178.4,178.60 1 0
github.com/davidparkercodes/belay/cmd/belay/commands/commit.go:178.60,180.5 1 0
github.com/davidparkercodes/belay/cmd/belay/commands/commit.go:181.4,181.66 1 0
github.com/davidparkercodes/belay/cmd/belay/commands/commit.go:181.66,183.5 1 0
github.com/davidparkercodes/belay/cmd/belay/commands/commit.go:185.17,186.71 1 0
github.com/davidparkercodes/belay/cmd/belay/commands/commit.go:186.71,188.5 1 0
github.com/davidparkercodes/belay/cmd/belay/commands/commit.go:192.2,192.19 1 0
github.com/davidparkercodes/belay/cmd/belay/commands/commit.go:192.19,193.44 1 0
github.com/davidparkercodes/belay/cmd/belay/commands/commit.go:193.44,195.4 1 0
github.com/davidparkercodes/belay/cmd/belay/commands/commit.go:195.9,197.4 1 0
github.com/davidparkercodes/belay/cmd/belay/commands/commit.go:200.2,200.17 1 0
github.com/davidparkercodes/belay/cmd/belay/commands/commit.go:200.17,202.21 2 0
github.com/davidparkercodes/belay/cmd/belay/commands/commit.go:202.21,206.4 3 0
github.com/davidparkercodes/belay/cmd/belay/commands/commit.go:209.2,210.16 2 0
github.com/davidparkercodes/belay/cmd/belay/commands/commit.go:210.16,212.3 1 0
github.com/davidparkercodes/belay/cmd/belay/commands/commit.go:214.2,215.12 2 0
github.com/davidparkercodes/belay/cmd/belay/commands/commit.go:218.58,222.16 4 0
github.com/davidparkercodes/belay/cmd/belay/commands/commit.go:222.16,224.3 1 0
github.com/davidparkercodes/belay/cmd/belay/commands/commit.go:225.2,225.44 1 0
github.com/davidparkercodes/belay/cmd/belay/commands/conflicts.go:17.39,31.2 5 1
github.com/davidparkercodes/belay/cmd/belay/commands/conflicts.go:33.60,39.16 5 0
github.com/davidparkercodes/belay/cmd/belay/commands/conflicts.go:39.16,41.3 1 0
github.com/davidparkercodes/belay/cmd/belay/commands/conflicts.go:43.2,44.16 2 0
github.com/davidparkercodes/belay/cmd/belay/commands/conflicts.go:44.16,46.3 1 0
github.com/davidparkercodes/belay/cmd/belay/commands/conflicts.go:48.2,49.16 2 0
github.com/davidparkercodes/belay/cmd/belay/commands/conflicts.go:49.16,51.3 1 0
github.com/davidparkercodes/belay/cmd/belay/commands/conflicts.go:52.2,55.16 3 0
github.com/davidparkercodes/belay/cmd/belay/commands/conflicts.go:55.16,57.3 1 0
github.com/davidparkercodes/belay/cmd/belay/commands/conflicts.go:59.2,62.22 3 0
github.com/davidparkercodes/belay/cmd/belay/commands/conflicts.go:62.22,64.3 1 0
github.com/davidparkercodes/belay/cmd/belay/commands/conflicts.go:64.8,66.3 1 0
github.com/davidparkercodes/belay/cmd/belay/commands/conflicts.go:67.2,67.16 1 0
github.com/davidparkercodes/belay/cmd/belay/commands/conflicts.go:67.16,69.3 1 0
github.com/davidparkercodes/belay/cmd/belay/commands/conflicts.go:71.2,71.25 1 0
github.com/davidparkercodes/belay/cmd/belay/commands/conflicts.go:71.25,74.3 2 0
github.com/davidparkercodes/belay/cmd/belay/commands/conflicts.go:76.2,76.16 1 0
github.com/davidparkercodes/belay/cmd/belay/commands/conflicts.go:76.16,80.3 3 0
github.com/davidparkercodes/belay/cmd/belay/commands/conflicts.go:82.2,88.30 5 0
github.com/davidparkercodes/belay/cmd/belay/commands/conflicts.go:88.30,90.21 2 0
github.com/davidparkercodes/belay/cmd/belay/commands/conflicts.go:91.34,92.48 1 0
github.com/davidparkercodes/belay/cmd/belay/commands/conflicts.go:93.30,94.48 1 0
github.com/davidparkercodes/belay/cmd/belay/commands/conflicts.go:97.3,101.36 2 0
github.com/davidparkercodes/belay/cmd/belay/commands/conflicts.go:103.2,105.12 2 0
github.com/davidparkercodes/belay/cmd/belay/commands/daemon.go:14.50,29.2 3 1
github.com/davidparkercodes/belay/cmd/belay/commands/daemon.go:31.55,35.55 1 1
github.com/davidparkercodes/belay/cmd/belay/commands/daemon.go:35.55,37.4 1 0
github.com/davidparkercodes/belay/cmd/belay/commands/daemon.go:39.2,40.12 2 1
github.com/davidparkercodes/belay/cmd/belay/commands/daemon.go:43.61,45.16 2 1
github.com/davidparkercodes/belay/cmd/belay/commands/daemon.go:45.16,47.3 1 0
github.com/davidparkercodes/belay/cmd/belay/commands/daemon.go:49.2,54.38 5 1
github.com/davidparkercodes/belay/cmd/belay/commands/daemon.go:54.38,56.3 1 0
github.com/davidparkercodes/belay/cmd/belay/commands/daemon.go:58.2,60.48 2 1
github.com/davidparkercodes/belay/cmd/belay/commands/daemon.go:60.48,62.3 1 0
github.com/davidparkercodes/belay/cmd/belay/commands/daemon.go:64.2,64.17 1 1
github.com/davidparkercodes/belay/cmd/belay/commands/daemon.go:67.78,71.16 3 0
github.com/davidparkercodes/belay/cmd/belay/commands/daemon.go:71.16,73.3 1 0
github.com/davidparkercodes/belay/cmd/belay/commands/daemon.go:75.2,76.16 2 0
github.com/davidparkercodes/belay/cmd/belay/commands/daemon.go:76.16,78.3 1 0
github.com/davidparkercodes/belay/cmd/belay/commands/daemon.go:80.2,80.52 1 0
github.com/davidparkercodes/belay/cmd/belay/commands/daemon.go:80.52,83.3 2 0
github.com/davidparkercodes/belay/cmd/belay/commands/daemon.go:85.2,85.16 1 0
github.com/davidparkercodes/belay/cmd/belay/commands/daemon.go:85.16,87.17 2 0
github.com/davidparkercodes/belay/cmd/belay/commands/daemon.go:87.17,89.4 1 0
github.com/davidparkercodes/belay/cmd/belay/commands/daemon.go:90.3,90.17 1 0
github.com/davidparkercodes/belay/cmd/belay/commands/daemon.go:93.2,94.16 2 0
github.com/davidparkercodes/belay/cmd/belay/commands/daemon.go:94.16,96.3 1 0
github.com/davidparkercodes/belay/cmd/belay/commands/daemon.go:98.2,100.12 3 0
github.com/davidparkercodes/belay/cmd/belay/commands/daemon.go:103.40,107.55 1 1
github.com/davidparkercodes/belay/cmd/belay/commands/daemon.go:107.55,109.18 2 0
github.com/davidparkercodes/belay/cmd/belay/commands/daemon.go:109.18,111.5 1 0
github.com/davidparkercodes/belay/cmd/belay/commands/daemon.go:113.4,114.18 2 0
github.com/davidparkercodes/belay/cmd/belay/commands/daemon.go:114.18,116.5 1 0
github.com/davidparkercodes/belay/cmd/belay/commands/daemon.go:118.4,118.43 1 0
github.com/davidparkercodes/belay/cmd/belay/commands/daemon.go:118.43,120.5 1 0
github.com/davidparkercodes/belay/cmd/belay/commands/daemon.go:122.4,123.14 2 0
github.com/davidparkercodes/belay/cmd/belay/commands/daemon.go:128.57,132.55 1 1
github.com/davidparkercodes/belay/cmd/belay/commands/daemon.go:132.55,134.18 2 0
github.com/davidparkercodes/belay/cmd/belay/commands/daemon.go:134.18,136.5 1 0
github.com/davidparkercodes/belay/cmd/belay/commands/daemon.go:138.4,139.18 2 0
github.com/davidparkercodes/belay/cmd/belay/commands/daemon.go:139.18,141.5 1 0
github.com/davidparkercodes/belay/cmd/belay/commands/daemon.go:143.4,143.52 1 0
github.com/davidparkercodes/belay/cmd/belay/commands/daemon.go:143.52,144.44 1 0
github.com/davidparkercodes/belay/cmd/belay/commands/daemon.go:144.44,146.6 1 0
github.com/davidparkercodes/belay/cmd/belay/commands/daemon.go:147.5,147.43 1 0
github.com/davidparkercodes/belay/cmd/belay/commands/daemon.go:150.4,150.45 1 0
github.com/davidparkercodes/belay/cmd/belay/commands/daemon.go:155.42,159.55 1 1
github.com/davidparkercodes/belay/cmd/belay/commands/daemon.go:159.55,161.4 1 0
github.com/davidparkercodes/belay/cmd/belay/commands/diff.go:16.34,32.2 7 1
github.com/davidparkercodes/belay/cmd/belay/commands/diff.go:34.55,40.16 5 0
github.com/davidparkercodes/belay/cmd/belay/commands/diff.go:40.16,42.3 1 0
github.com/davidparkercodes/belay/cmd/belay/commands/diff.go:44.2,45.16 2 0
github.com/davidparkercodes/belay/cmd/belay/commands/diff.go:45.16,47.3 1 0
github.com/davidparkercodes/belay/cmd/belay/commands/diff.go:49.2,50.16 2 0
github.com/davidparkercodes/belay/cmd/belay/commands/diff.go:50.16,52.3 1 0
github.com/davidparkercodes/belay/cmd/belay/commands/diff.go:53.2,56.16 3 0
github.com/davidparkercodes/belay/cmd/belay/commands/diff.go:56.16,58.3 1 0
github.com/davidparkercodes/belay/cmd/belay/commands/diff.go:59.2,61.25 2 0
github.com/davidparkercodes/belay/cmd/belay/commands/diff.go:61.25,63.3 1 0
github.com/davidparkercodes/belay/cmd/belay/commands/diff.go:65.2,65.35 1 0
github.com/davidparkercodes/belay/cmd/belay/commands/diff.go:65.35,67.17 2 0
github.com/davidparkercodes/belay/cmd/belay/commands/diff.go:67.17,69.4 1 0
github.com/davidparkercodes/belay/cmd/belay/commands/diff.go:70.3,70.85 1 0
github.com/davidparkercodes/belay/cmd/belay/commands/diff.go:73.2,73.19 1 0
github.com/davidparkercodes/belay/cmd/belay/commands/diff.go:73.19,75.3 1 0
github.com/davidparkercodes/belay/cmd/belay/commands/diff.go:77.2,77.76 1 0
github.com/davidparkercodes/belay/cmd/belay/commands/diff.go:80.98,85.16 2 0
github.com/davidparkercodes/belay/cmd/belay/commands/diff.go:85.16,87.3 1 0
github.com/davidparkercodes/belay/cmd/belay/commands/diff.go:89.2,89.22 1 0
github.com/davidparkercodes/belay/cmd/belay/commands/diff.go:89.22,92.3 2 0
github.com/davidparkercodes/belay/cmd/belay/commands/diff.go:94.2,102.27 3 0
github.com/davidparkercodes/belay/cmd/belay/commands/diff.go:102.27,104.14 2 0
github.com/davidparkercodes/belay/cmd/belay/commands/diff.go:104.14,107.4 2 0
github.com/davidparkercodes/belay/cmd/belay/commands/diff.go:108.3,110.13 3 0
github.com/davidparkercodes/belay/cmd/belay/commands/diff.go:113.2,113.14 1 0
github.com/davidparkercodes/belay/cmd/belay/commands/diff.go:113.14,115.33 2 0
github.com/davidparkercodes/belay/cmd/belay/commands/diff.go:115.33,116.11 1 0
github.com/davidparkercodes/belay/cmd/belay/commands/diff.go:117.49,119.76 2 0
github.com/davidparkercodes/belay/cmd/belay/commands/diff.go:120.31,122.80 2 0
github.com/davidparkercodes/belay/cmd/belay/commands/diff.go:123.12,125.71 2 0
github.com/davidparkercodes/belay/cmd/belay/commands/diff.go:128.3,130.13 2 0
github.com/davidparkercodes/belay/cmd/belay/commands/diff.go:133.2,133.32 1 0
github.com/davidparkercodes/belay/cmd/belay/commands/diff.go:133.32,134.28 1 0
github.com/davidparkercodes/belay/cmd/belay/commands/diff.go:134.28,137.26 3 0
github.com/davidparkercodes/belay/cmd/belay/commands/diff.go:137.26,139.19 2 0
github.com/davidparkercodes/belay/cmd/belay/commands/diff.go:139.19,141.6 1 0
github.com/davidparkercodes/belay/cmd/belay/commands/diff.go:143.4,143.12 1 0
github.com/davidparkercodes/belay/cmd/belay/commands/diff.go:146.3,147.25 2 0
github.com/davidparkercodes/belay/cmd/belay/commands/diff.go:147.25,149.18 2 0
github.com/davidparkercodes/belay/cmd/belay/commands/diff.go:149.18,151.5 1 0
github.com/davidparkercodes/belay/cmd/belay/commands/diff.go:153.3,153.24 1 0
github.com/davidparkercodes/belay/cmd/belay/commands/diff.go:153.24,155.18 2 0
github.com/davidparkercodes/belay/cmd/belay/commands/diff.go:155.18,157.5 1 0
github.com/davidparkercodes/belay/cmd/belay/commands/diff.go:160.3,160.31 1 0
github.com/davidparkercodes/belay/cmd/belay/commands/diff.go:160.31,161.12 1 0
github.com/davidparkercodes/belay/cmd/belay/commands/diff.go:164.3,164.25 1 0
github.com/davidparkercodes/belay/cmd/belay/commands/diff.go:164.25,167.4 2 0
github.com/davidparkercodes/belay/cmd/belay/commands/diff.go:167.9,170.4 2 0
github.com/davidparkercodes/belay/cmd/belay/commands/diff.go:171.3,172.16 2 0
github.com/davidparkercodes/belay/cmd/belay/commands/diff.go:175.2,175.12 1 0
github.com/davidparkercodes/belay/cmd/belay/commands/diff.go:178.134,185.16 2 0
github.com/davidparkercodes/belay/cmd/belay/commands/diff.go:185.16,187.3 1 0
github.com/davidparkercodes/belay/cmd/belay/commands/diff.go:189.2,189.22 1 0
github.com/davidparkercodes/belay/cmd/belay/commands/diff.go:189.22,191.3 1 0
github.com/davidparkercodes/belay/cmd/belay/commands/diff.go:193.2,195.19 3 0
github.com/davidparkercodes/belay/cmd/belay/commands/diff.go:195.19,197.17 2 0
github.com/davidparkercodes/belay/cmd/belay/commands/diff.go:197.17,199.4 1 0
github.com/davidparkercodes/belay/cmd/belay/commands/diff.go:202.2,205.16 3 0
github.com/davidparkercodes/belay/cmd/belay/commands/diff.go:205.16,208.3 1 0
github.com/davidparkercodes/belay/cmd/belay/commands/diff.go:209.2,210.16 2 0
github.com/davidparkercodes/belay/cmd/belay/commands/diff.go:210.16,212.3 1 0
github.com/davidparkercodes/belay/cmd/belay/commands/diff.go:213.2,213.95 1 0
github.com/davidparkercodes/belay/cmd/belay/commands/diff.go:213.95,215.3 1 0
github.com/davidparkercodes/belay/cmd/belay/commands/diff.go:216.2,217.16 2 0
github.com/davidparkercodes/belay/cmd/belay/commands/diff.go:217.16,219.3 1 0
github.com/davidparkercodes/belay/cmd/belay/commands/diff.go:220.2,222.14 2 0
github.com/davidparkercodes/belay/cmd/belay/commands/diff.go:222.14,227.3 4 0
github.com/davidparkercodes/belay/cmd/belay/commands/diff.go:229.2,232.12 4 0
github.com/davidparkercodes/belay/cmd/belay/commands/diff.go:235.115,237.16 2 0
github.com/davidparkercodes/belay/cmd/belay/commands/diff.go:237.16,239.3 1 0
github.com/davidparkercodes/belay/cmd/belay/commands/diff.go:241.2,242.29 2 0
github.com/davidparkercodes/belay/cmd/belay/commands/diff.go:242.29,244.17 2 0
github.com/davidparkercodes/belay/cmd/belay/commands/diff.go:244.17,246.4 1 0
github.com/davidparkercodes/belay/cmd/belay/commands/diff.go:249.2,252.16 3 0
github.com/davidparkercodes/belay/cmd/belay/commands/diff.go:252.16,255.3 1 0
github.com/davidparkercodes/belay/cmd/belay/commands/diff.go:256.2,257.16 2 0
github.com/davidparkercodes/belay/cmd/belay/commands/diff.go:257.16,259.3 1 0
github.com/davidparkercodes/belay/cmd/belay/commands/diff.go:260.2,260.95 1 0
github.com/davidparkercodes/belay/cmd/belay/commands/diff.go:260.95,262.3 1 0
github.com/davidparkercodes/belay/cmd/belay/commands/diff.go:263.2,264.16 2 0
github.com/davidparkercodes/belay/cmd/belay/commands/diff.go:264.16,266.3 1 0
github.com/davidparkercodes/belay/cmd/belay/commands/diff.go:267.2,269.39 2 0
github.com/davidparkercodes/belay/cmd/belay/commands/diff.go:269.39,272.3 2 0
github.com/davidparkercodes/belay/cmd/belay/commands/diff.go:274.2,274.14 1 0
github.com/davidparkercodes/belay/cmd/belay/commands/diff.go:274.14,279.3 4 0
github.com/davidparkercodes/belay/cmd/belay/commands/diff.go:281.2,284.12 4 0
github.com/davidparkercodes/belay/cmd/belay/commands/diff.go:287.44,292.30 4 0
github.com/davidparkercodes/belay/cmd/belay/commands/diff.go:292.30,294.3 1 0
github.com/davidparkercodes/belay/cmd/belay/commands/diff.go:296.2,297.45 2 0
github.com/davidparkercodes/belay/cmd/belay/commands/diff.go:297.45,298.75 1 0
github.com/davidparkercodes/belay/cmd/belay/commands/diff.go:298.75,302.4 3 0
github.com/davidparkercodes/belay/cmd/belay/commands/diff.go:302.9,302.99 1 0
github.com/davidparkercodes/belay/cmd/belay/commands/diff.go:302.99,305.4 2 0
github.com/davidparkercodes/belay/cmd/belay/commands/diff.go:305.9,305.31 1 0
github.com/davidparkercodes/belay/cmd/belay/commands/diff.go:305.31,308.4 2 0
github.com/davidparkercodes/belay/cmd/belay/commands/diff.go:312.55,313.26 1 1
github.com/davidparkercodes/belay/cmd/belay/commands/diff.go:313.26,314.18 1 1
github.com/davidparkercodes/belay/cmd/belay/commands/diff.go:314.18,316.4 1 1
github.com/davidparkercodes/belay/cmd/belay/commands/diff.go:318.2,318.14 1 1
github.com/davidparkercodes/belay/cmd/belay/commands/gc.go:21.32,46.2 5 1
github.com/davidparkercodes/belay/cmd/belay/commands/gc.go:48.53,54.16 5 0
github.com/davidparkercodes/belay/cmd/belay/commands/gc.go:54.16,56.3 1 0
github.com/davidparkercodes/belay/cmd/belay/commands/gc.go:58.2,59.16 2 0
github.com/davidparkercodes/belay/cmd/belay/commands/gc.go:59.16,61.3 1 0
github.com/davidparkercodes/belay/cmd/belay/commands/gc.go:63.2,64.16 2 0
github.com/davidparkercodes/belay/cmd/belay/commands/gc.go:64.16,66.3 1 0
github.com/davidparkercodes/belay/cmd/belay/commands/gc.go:67.2,70.16 3 0
github.com/davidparkercodes/belay/cmd/belay/commands/gc.go:70.16,72.3 1 0
github.com/davidparkercodes/belay/cmd/belay/commands/gc.go:73.2,77.13 3 0
github.com/davidparkercodes/belay/cmd/belay/commands/gc.go:77.13,79.13 1 0
github.com/davidparkercodes/belay/cmd/belay/commands/gc.go:79.13,82.4 2 0
github.com/davidparkercodes/belay/cmd/belay/commands/gc.go:82.9,84.4 1 0
github.com/davidparkercodes/belay/cmd/belay/commands/gc.go:86.3,88.21 3 0
github.com/davidparkercodes/belay/cmd/belay/commands/gc.go:88.21,90.4 1 0
github.com/davidparkercodes/belay/cmd/belay/commands/gc.go:91.3,93.18 2 0
github.com/davidparkercodes/belay/cmd/belay/commands/gc.go:93.18,99.33 6 0
github.com/davidparkercodes/belay/cmd/belay/commands/gc.go:99.33,101.5 1 0
github.com/davidparkercodes/belay/cmd/belay/commands/gc.go:102.4,102.41 1 0
github.com/davidparkercodes/belay/cmd/belay/commands/gc.go:102.41,104.55 2 0
github.com/davidparkercodes/belay/cmd/belay/commands/gc.go:104.55,105.19 1 0
github.com/davidparkercodes/belay/cmd/belay/commands/gc.go:105.19,107.7 1 0
github.com/davidparkercodes/belay/cmd/belay/commands/gc.go:111.8,113.13 1 0
github.com/davidparkercodes/belay/cmd/belay/commands/gc.go:113.13,116.4 2 0
github.com/davidparkercodes/belay/cmd/belay/commands/gc.go:116.9,118.4 1 0
github.com/davidparkercodes/belay/cmd/belay/commands/gc.go:120.3,121.19 2 0
github.com/davidparkercodes/belay/cmd/belay/commands/gc.go:121.19,123.4 1 0
github.com/davidparkercodes/belay/cmd/belay/commands/gc.go:124.3,126.18 2 0
github.com/davidparkercodes/belay/cmd/belay/commands/gc.go:126.18,130.14 3 0
github.com/davidparkercodes/belay/cmd/belay/commands/gc.go:130.14,131.35 1 0
github.com/davidparkercodes/belay/cmd/belay/commands/gc.go:131.35,134.6 2 0
github.com/davidparkercodes/belay/cmd/belay/commands/gc.go:134.11,136.6 1 0
github.com/davidparkercodes/belay/cmd/belay/commands/gc.go:137.10,138.35 1 0
github.com/davidparkercodes/belay/cmd/belay/commands/gc.go:138.35,140.6 1 0
github.com/davidparkercodes/belay/cmd/belay/commands/gc.go:140.11,142.6 1 0
github.com/davidparkercodes/belay/cmd/belay/commands/gc.go:147.2,147.16 1 0
github.com/davidparkercodes/belay/cmd/belay/commands/gc.go:147.16,151.3 3 0
github.com/davidparkercodes/belay/cmd/belay/commands/gc.go:153.2,153.12 1 0
github.com/davidparkercodes/belay/cmd/belay/commands/gc.go:153.12,155.3 1 0
github.com/davidparkercodes/belay/cmd/belay/commands/gc.go:155.8,157.3 1 0
github.com/davidparkercodes/belay/cmd/belay/commands/gc.go:159.2,159.12 1 0
github.com/davidparkercodes/belay/cmd/belay/commands/gc.go:163.34,169.9 2 1
github.com/davidparkercodes/belay/cmd/belay/commands/gc.go:170.15,171.56 1 1
github.com/davidparkercodes/belay/cmd/belay/commands/gc.go:172.15,173.56 1 1
github.com/davidparkercodes/belay/cmd/belay/commands/gc.go:174.15,175.56 1 1
github.com/davidparkercodes/belay/cmd/belay/commands/gc.go:176.10,177.36 1 1
github.com/davidparkercodes/belay/cmd/belay/commands/githooks.go:11.38,28.2 3 1
github.com/davidparkercodes/belay/cmd/belay/commands/githooks.go:30.45,36.2 1 1
github.com/davidparkercodes/belay/cmd/belay/commands/githooks.go:38.44,44.2 1 1
github.com/davidparkercodes/belay/cmd/belay/commands/githooks.go:46.44,52.2 1 1
github.com/davidparkercodes/belay/cmd/belay/commands/githooks.go:54.66,56.16 2 0
github.com/davidparkercodes/belay/cmd/belay/commands/githooks.go:56.16,58.3 1 0
github.com/davidparkercodes/belay/cmd/belay/commands/githooks.go:60.2,60.25 1 0
github.com/davidparkercodes/belay/cmd/belay/commands/githooks.go:60.25,63.3 2 0
github.com/davidparkercodes/belay/cmd/belay/commands/githooks.go:65.2,73.33 4 0
github.com/davidparkercodes/belay/cmd/belay/commands/githooks.go:73.33,75.3 1 0
github.com/davidparkercodes/belay/cmd/belay/commands/githooks.go:77.2,77.12 1 0
github.com/davidparkercodes/belay/cmd/belay/commands/githooks.go:80.65,82.16 2 0
github.com/davidparkercodes/belay/cmd/belay/commands/githooks.go:82.16,84.3 1 0
github.com/davidparkercodes/belay/cmd/belay/commands/githooks.go:86.2,86.23 1 0
github.com/davidparkercodes/belay/cmd/belay/commands/githooks.go:86.23,89.3 2 0
github.com/davidparkercodes/belay/cmd/belay/commands/githooks.go:91.2,99.31 4 0
github.com/davidparkercodes/belay/cmd/belay/commands/githooks.go:99.31,101.3 1 0
github.com/davidparkercodes/belay/cmd/belay/commands/githooks.go:103.2,103.12 1 0
github.com/davidparkercodes/belay/cmd/belay/commands/githooks.go:106.65,108.16 2 0
github.com/davidparkercodes/belay/cmd/belay/commands/githooks.go:108.16,110.3 1 0
github.com/davidparkercodes/belay/cmd/belay/commands/githooks.go:112.2,118.29 3 0
github.com/davidparkercodes/belay/cmd/belay/commands/githooks.go:118.29,119.18 1 0
github.com/davidparkercodes/belay/cmd/belay/commands/githooks.go:119.18,121.4 1 0
github.com/davidparkercodes/belay/cmd/belay/commands/githooks.go:121.9,123.4 1 0
github.com/davidparkercodes/belay/cmd/belay/commands/githooks.go:126.2,126.12 1 0
github.com/davidparkercodes/belay/cmd/belay/commands/hook.go:13.34,29.2 3 1
github.com/davidparkercodes/belay/cmd/belay/commands/hook.go:31.38,47.2 1 1
github.com/davidparkercodes/belay/cmd/belay/commands/hook.go:49.59,54.16 3 0
github.com/davidparkercodes/belay/cmd/belay/commands/hook.go:54.16,56.3 1 0
github.com/davidparkercodes/belay/cmd/belay/commands/hook.go:57.2,58.16 2 0
github.com/davidparkercodes/belay/cmd/belay/commands/hook.go:58.16,60.3 1 0
github.com/davidparkercodes/belay/cmd/belay/commands/hook.go:62.2,62.15 1 0
github.com/davidparkercodes/belay/cmd/belay/commands/hook.go:63.13,64.30 1 0
github.com/davidparkercodes/belay/cmd/belay/commands/hook.go:65.14,66.31 1 0
github.com/davidparkercodes/belay/cmd/belay/commands/hook.go:67.10,68.75 1 0
github.com/davidparkercodes/belay/cmd/belay/commands/hook.go:71.2,71.12 1 0
github.com/davidparkercodes/belay/cmd/belay/commands/hook.go:74.41,82.2 1 1
github.com/davidparkercodes/belay/cmd/belay/commands/hook.go:84.62,91.18 4 0
github.com/davidparkercodes/belay/cmd/belay/commands/hook.go:91.18,92.54 1 0
github.com/davidparkercodes/belay/cmd/belay/commands/hook.go:92.54,93.60 1 0
github.com/davidparkercodes/belay/cmd/belay/commands/hook.go:93.60,96.5 2 0
github.com/davidparkercodes/belay/cmd/belay/commands/hook.go:100.2,105.12 5 0
github.com/davidparkercodes/belay/cmd/belay/commands/hook.go:108.27,110.41 2 0
github.com/davidparkercodes/belay/cmd/belay/commands/hook.go:110.41,112.3 1 0
github.com/davidparkercodes/belay/cmd/belay/commands/hook.go:113.2,113.42 1 0
github.com/davidparkercodes/belay/cmd/belay/commands/hook.go:113.42,115.3 1 0
github.com/davidparkercodes/belay/cmd/belay/commands/hook.go:117.2,117.30 1 0
github.com/davidparkercodes/belay/cmd/belay/commands/hook.go:117.30,119.3 1 0
github.com/davidparkercodes/belay/cmd/belay/commands/hook.go:120.2,120.15 1 0
github.com/davidparkercodes/belay/cmd/belay/commands/hook.go:123.39,125.16 2 0
github.com/davidparkercodes/belay/cmd/belay/commands/hook.go:125.16,127.3 1 0
github.com/davidparkercodes/belay/cmd/belay/commands/hook.go:128.2,128.15 1 0
github.com/davidparkercodes/belay/cmd/belay/commands/hook.go:129.13,130.39 1 0
github.com/davidparkercodes/belay/cmd/belay/commands/hook.go:131.14,132.40 1 0
github.com/davidparkercodes/belay/cmd/belay/commands/hook.go:133.10,134.41 1 0
github.com/davidparkercodes/belay/cmd/belay/commands/hook.go:141.42,180.2 1 0
github.com/davidparkercodes/belay/cmd/belay/commands/hook.go:183.43,233.2 1 0
github.com/davidparkercodes/belay/cmd/belay/commands/init.go:29.34,48.2 4 1
github.com/davidparkercodes/belay/cmd/belay/commands/init.go:50.59,87.27 3 1
github.com/davidparkercodes/belay/cmd/belay/commands/init.go:87.27,88.45 1 1
github.com/davidparkercodes/belay/cmd/belay/commands/init.go:88.45,89.73 1 1
github.com/davidparkercodes/belay/cmd/belay/commands/init.go:89.73,91.10 2 1
github.com/davidparkercodes/belay/cmd/belay/commands/init.go:96.2,96.14 1 1
github.com/davidparkercodes/belay/cmd/belay/commands/init.go:99.74,134.20 27 1
github.com/davidparkercodes/belay/cmd/belay/commands/init.go:134.20,135.28 1 1
github.com/davidparkercodes/belay/cmd/belay/commands/init.go:135.28,136.20 1 1
github.com/davidparkercodes/belay/cmd/belay/commands/init.go:136.20,137.13 1 1
github.com/davidparkercodes/belay/cmd/belay/commands/init.go:139.4,140.40 2 1
github.com/davidparkercodes/belay/cmd/belay/commands/init.go:140.40,142.5 1 1
github.com/davidparkercodes/belay/cmd/belay/commands/init.go:143.4,143.23 1 1
github.com/davidparkercodes/belay/cmd/belay/commands/init.go:147.2,147.19 1 1
github.com/davidparkercodes/belay/cmd/belay/commands/init.go:150.54,152.27 2 1
github.com/davidparkercodes/belay/cmd/belay/commands/init.go:152.27,153.18 1 1
github.com/davidparkercodes/belay/cmd/belay/commands/init.go:153.18,155.4 1 1
github.com/davidparkercodes/belay/cmd/belay/commands/init.go:157.2,157.14 1 1
github.com/davidparkercodes/belay/cmd/belay/commands/init.go:160.46,162.52 2 1
github.com/davidparkercodes/belay/cmd/belay/commands/init.go:162.52,164.50 2 1
github.com/davidparkercodes/belay/cmd/belay/commands/init.go:164.50,166.4 1 1
github.com/davidparkercodes/belay/cmd/belay/commands/init.go:168.2,168.14 1 1
github.com/davidparkercodes/belay/cmd/belay/commands/init.go:171.28,173.17 2 1
github.com/davidparkercodes/belay/cmd/belay/commands/init.go:173.17,174.32 1 0
github.com/davidparkercodes/belay/cmd/belay/commands/init.go:174.32,176.4 1 0
github.com/davidparkercodes/belay/cmd/belay/commands/init.go:177.3,177.16 1 0
github.com/davidparkercodes/belay/cmd/belay/commands/init.go:179.2,179.29 1 1
github.com/davidparkercodes/belay/cmd/belay/commands/init.go:191.34,210.2 8 1
github.com/davidparkercodes/belay/cmd/belay/commands/init.go:212.75,231.12 8 1
github.com/davidparkercodes/belay/cmd/belay/commands/init.go:231.12,235.3 1 1
github.com/davidparkercodes/belay/cmd/belay/commands/init.go:237.2,237.23 1 1
github.com/davidparkercodes/belay/cmd/belay/commands/init.go:237.23,241.3 1 1
github.com/davidparkercodes/belay/cmd/belay/commands/init.go:241.8,245.3 1 1
github.com/davidparkercodes/belay/cmd/belay/commands/init.go:247.2,252.15 4 1
github.com/davidparkercodes/belay/cmd/belay/commands/init.go:255.44,267.13 4 1
github.com/davidparkercodes/belay/cmd/belay/commands/init.go:267.13,269.3 1 1
github.com/davidparkercodes/belay/cmd/belay/commands/init.go:269.8,271.3 1 0
github.com/davidparkercodes/belay/cmd/belay/commands/init.go:274.44,286.2 4 1
github.com/davidparkercodes/belay/cmd/belay/commands/init.go:288.28,297.2 3 1
github.com/davidparkercodes/belay/cmd/belay/commands/init.go:299.31,304.2 2 1
github.com/davidparkercodes/belay/cmd/belay/commands/init.go:306.55,311.16 4 1
github.com/davidparkercodes/belay/cmd/belay/commands/init.go:311.16,313.3 1 0
github.com/davidparkercodes/belay/cmd/belay/commands/init.go:315.2,319.75 3 1
github.com/davidparkercodes/belay/cmd/belay/commands/init.go:319.75,333.3 7 1
github.com/davidparkercodes/belay/cmd/belay/commands/init.go:335.2,340.70 5 1
github.com/davidparkercodes/belay/cmd/belay/commands/init.go:340.70,342.3 1 1
github.com/davidparkercodes/belay/cmd/belay/commands/init.go:344.2,352.21 7 1
github.com/davidparkercodes/belay/cmd/belay/commands/init.go:352.21,354.24 2 0
github.com/davidparkercodes/belay/cmd/belay/commands/init.go:354.24,356.4 1 0
github.com/davidparkercodes/belay/cmd/belay/commands/init.go:356.9,358.4 1 0
github.com/davidparkercodes/belay/cmd/belay/commands/init.go:360.3,380.13 2 0
github.com/davidparkercodes/belay/cmd/belay/commands/init.go:380.13,388.4 1 0
github.com/davidparkercodes/belay/cmd/belay/commands/init.go:390.3,395.17 3 0
github.com/davidparkercodes/belay/cmd/belay/commands/init.go:395.17,397.4 1 0
github.com/davidparkercodes/belay/cmd/belay/commands/init.go:400.2,412.27 5 1
github.com/davidparkercodes/belay/cmd/belay/commands/init.go:412.27,413.48 1 1
github.com/davidparkercodes/belay/cmd/belay/commands/init.go:413.48,415.4 1 0
github.com/davidparkercodes/belay/cmd/belay/commands/init.go:417.2,421.84 4 1
github.com/davidparkercodes/belay/cmd/belay/commands/init.go:421.84,423.3 1 0
github.com/davidparkercodes/belay/cmd/belay/commands/init.go:424.2,429.55 5 1
github.com/davidparkercodes/belay/cmd/belay/commands/init.go:429.55,430.79 1 1
github.com/davidparkercodes/belay/cmd/belay/commands/init.go:430.79,432.4 1 0
github.com/davidparkercodes/belay/cmd/belay/commands/init.go:433.3,435.7 1 1
github.com/davidparkercodes/belay/cmd/belay/commands/init.go:436.8,438.3 1 1
github.com/davidparkercodes/belay/cmd/belay/commands/init.go:440.2,440.12 1 1
github.com/davidparkercodes/belay/cmd/belay/commands/init.go:440.12,441.70 1 1
github.com/davidparkercodes/belay/cmd/belay/commands/init.go:441.70,443.4 1 0
github.com/davidparkercodes/belay/cmd/belay/commands/init.go:443.9,445.4 1 1
github.com/davidparkercodes/belay/cmd/belay/commands/init.go:448.2,448.21 1 1
github.com/davidparkercodes/belay/cmd/belay/commands/init.go:448.21,450.19 2 1
github.com/davidparkercodes/belay/cmd/belay/commands/init.go:450.19,452.4 1 0
github.com/davidparkercodes/belay/cmd/belay/commands/init.go:452.9,452.32 1 1
github.com/davidparkercodes/belay/cmd/belay/commands/init.go:452.32,454.4 1 1
github.com/davidparkercodes/belay/cmd/belay/commands/init.go:457.2,458.21 2 1
github.com/davidparkercodes/belay/cmd/belay/commands/init.go:458.21,460.3 1 0
github.com/davidparkercodes/belay/cmd/belay/commands/init.go:460.8,462.3 1 1
github.com/davidparkercodes/belay/cmd/belay/commands/init.go:464.2,474.21 6 1
github.com/davidparkercodes/belay/cmd/belay/commands/init.go:474.21,478.3 3 1
github.com/davidparkercodes/belay/cmd/belay/commands/init.go:480.2,480.27 1 1
github.com/davidparkercodes/belay/cmd/belay/commands/init.go:480.27,484.3 3 1
github.com/davidparkercodes/belay/cmd/belay/commands/init.go:486.2,486.12 1 1
github.com/davidparkercodes/belay/cmd/belay/commands/init.go:489.34,539.2 1 1
github.com/davidparkercodes/belay/cmd/belay/commands/init.go:541.60,545.39 3 1
github.com/davidparkercodes/belay/cmd/belay/commands/init.go:545.39,547.3 1 0
github.com/davidparkercodes/belay/cmd/belay/commands/init.go:549.2,550.41 2 1
github.com/davidparkercodes/belay/cmd/belay/commands/init.go:550.41,551.20 1 1
github.com/davidparkercodes/belay/cmd/belay/commands/init.go:551.20,553.4 1 1
github.com/davidparkercodes/belay/cmd/belay/commands/init.go:556.2,557.16 2 1
github.com/davidparkercodes/belay/cmd/belay/commands/init.go:557.16,559.3 1 0
github.com/davidparkercodes/belay/cmd/belay/commands/init.go:560.2,562.57 2 1
github.com/davidparkercodes/belay/cmd/belay/commands/init.go:562.57,563.48 1 1
github.com/davidparkercodes/belay/cmd/belay/commands/init.go:563.48,565.4 1 0
github.com/davidparkercodes/belay/cmd/belay/commands/init.go:568.2,569.12 2 1
github.com/davidparkercodes/belay/cmd/belay/commands/init.go:572.36,575.30 3 1
github.com/davidparkercodes/belay/cmd/belay/commands/init.go:575.30,576.19 1 1
github.com/davidparkercodes/belay/cmd/belay/commands/init.go:576.19,579.4 2 1
github.com/davidparkercodes/belay/cmd/belay/commands/init.go:581.2,581.20 1 1
github.com/davidparkercodes/belay/cmd/belay/commands/init.go:581.20,583.3 1 1
github.com/davidparkercodes/belay/cmd/belay/commands/init.go:584.2,584.14 1 1
github.com/davidparkercodes/belay/cmd/belay/commands/log.go:17.33,35.2 9 1
github.com/davidparkercodes/belay/cmd/belay/commands/log.go:37.54,47.16 9 0
github.com/davidparkercodes/belay/cmd/belay/commands/log.go:47.16,49.3 1 0
github.com/davidparkercodes/belay/cmd/belay/commands/log.go:51.2,52.16 2 0
github.com/davidparkercodes/belay/cmd/belay/commands/log.go:52.16,54.3 1 0
github.com/davidparkercodes/belay/cmd/belay/commands/log.go:56.2,57.16 2 0
github.com/davidparkercodes/belay/cmd/belay/commands/log.go:57.16,59.3 1 0
github.com/davidparkercodes/belay/cmd/belay/commands/log.go:60.2,67.25 3 0
github.com/davidparkercodes/belay/cmd/belay/commands/log.go:67.25,69.3 1 0
github.com/davidparkercodes/belay/cmd/belay/commands/log.go:70.2,70.22 1 0
github.com/davidparkercodes/belay/cmd/belay/commands/log.go:70.22,72.3 1 0
github.com/davidparkercodes/belay/cmd/belay/commands/log.go:73.2,73.20 1 0
github.com/davidparkercodes/belay/cmd/belay/commands/log.go:73.20,75.3 1 0
github.com/davidparkercodes/belay/cmd/belay/commands/log.go:76.2,76.20 1 0
github.com/davidparkercodes/belay/cmd/belay/commands/log.go:76.20,78.17 2 0
github.com/davidparkercodes/belay/cmd/belay/commands/log.go:78.17,80.4 1 0
github.com/davidparkercodes/belay/cmd/belay/commands/log.go:81.3,81.25 1 0
github.com/davidparkercodes/belay/cmd/belay/commands/log.go:83.2,83.20 1 0
github.com/davidparkercodes/belay/cmd/belay/commands/log.go:83.20,85.17 2 0
github.com/davidparkercodes/belay/cmd/belay/commands/log.go:85.17,87.4 1 0
github.com/davidparkercodes/belay/cmd/belay/commands/log.go:88.3,88.25 1 0
github.com/davidparkercodes/belay/cmd/belay/commands/log.go:91.2,92.16 2 0
github.com/davidparkercodes/belay/cmd/belay/commands/log.go:92.16,94.3 1 0
github.com/davidparkercodes/belay/cmd/belay/commands/log.go:96.2,96.22 1 0
github.com/davidparkercodes/belay/cmd/belay/commands/log.go:96.22,99.3 2 0
github.com/davidparkercodes/belay/cmd/belay/commands/log.go:101.2,101.16 1 0
github.com/davidparkercodes/belay/cmd/belay/commands/log.go:101.16,103.28 2 0
github.com/davidparkercodes/belay/cmd/belay/commands/log.go:103.28,105.4 1 0
github.com/davidparkercodes/belay/cmd/belay/commands/log.go:106.3,108.32 3 0
github.com/davidparkercodes/belay/cmd/belay/commands/log.go:111.2,111.27 1 0
github.com/davidparkercodes/belay/cmd/belay/commands/log.go:111.27,115.24 3 0
github.com/davidparkercodes/belay/cmd/belay/commands/log.go:115.24,118.21 3 0
github.com/davidparkercodes/belay/cmd/belay/commands/log.go:118.21,120.5 1 0
github.com/davidparkercodes/belay/cmd/belay/commands/log.go:121.4,121.61 1 0
github.com/davidparkercodes/belay/cmd/belay/commands/log.go:124.3,127.24 3 0
github.com/davidparkercodes/belay/cmd/belay/commands/log.go:127.24,129.4 1 0
github.com/davidparkercodes/belay/cmd/belay/commands/log.go:131.3,132.19 2 0
github.com/davidparkercodes/belay/cmd/belay/commands/log.go:132.19,134.4 1 0
github.com/davidparkercodes/belay/cmd/belay/commands/log.go:136.3,137.60 1 0
github.com/davidparkercodes/belay/cmd/belay/commands/log.go:140.2,143.12 3 0
github.com/davidparkercodes/belay/cmd/belay/commands/log.go:146.53,148.13 2 1
github.com/davidparkercodes/belay/cmd/belay/commands/log.go:148.13,150.3 1 1
github.com/davidparkercodes/belay/cmd/belay/commands/log.go:152.2,157.4 1 1
github.com/davidparkercodes/belay/cmd/belay/commands/log.go:157.4,158.50 1 1
github.com/davidparkercodes/belay/cmd/belay/commands/log.go:158.50,160.4 1 1
github.com/davidparkercodes/belay/cmd/belay/commands/log.go:163.2,163.16 1 1
github.com/davidparkercodes/belay/cmd/belay/commands/log.go:163.16,165.3 1 1
github.com/davidparkercodes/belay/cmd/belay/commands/log.go:167.2,171.58 4 1
github.com/davidparkercodes/belay/cmd/belay/commands/log.go:171.58,173.3 1 1
github.com/davidparkercodes/belay/cmd/belay/commands/log.go:175.2,176.14 2 1
github.com/davidparkercodes/belay/cmd/belay/commands/log.go:177.11,178.48 1 1
github.com/davidparkercodes/belay/cmd/belay/commands/log.go:179.11,180.48 1 1
github.com/davidparkercodes/belay/cmd/belay/commands/log.go:181.11,182.46 1 1
github.com/davidparkercodes/belay/cmd/belay/commands/log.go:183.11,184.51 1 1
github.com/davidparkercodes/belay/cmd/belay/commands/log.go:185.11,186.55 1 1
github.com/davidparkercodes/belay/cmd/belay/commands/log.go:187.10,188.84 1 1
github.com/davidparkercodes/belay/cmd/belay/commands/log.go:191.2,191.32 1 1
github.com/davidparkercodes/belay/cmd/belay/commands/log.go:194.44,199.2 4 1
github.com/davidparkercodes/belay/cmd/belay/commands/log.go:201.32,202.12 1 1
github.com/davidparkercodes/belay/cmd/belay/commands/log.go:203.16,204.33 1 1
github.com/davidparkercodes/belay/cmd/belay/commands/log.go:205.16,206.33 1 1
github.com/davidparkercodes/belay/cmd/belay/commands/log.go:207.16,208.33 1 1
github.com/davidparkercodes/belay/cmd/belay/commands/log.go:209.16,210.33 1 1
github.com/davidparkercodes/belay/cmd/belay/commands/log.go:211.10,212.12 1 1
github.com/davidparkercodes/belay/cmd/belay/commands/rebuild.go:16.42,41.2 3 1
github.com/davidparkercodes/belay/cmd/belay/commands/rebuild.go:43.63,47.16 3 0
github.com/davidparkercodes/belay/cmd/belay/commands/rebuild.go:47.16,49.3 1 0
github.com/davidparkercodes/belay/cmd/belay/commands/rebuild.go:51.2,52.16 2 0
github.com/davidparkercodes/belay/cmd/belay/commands/rebuild.go:52.16,54.3 1 0
github.com/davidparkercodes/belay/cmd/belay/commands/rebuild.go:57.2,57.52 1 0
github.com/davidparkercodes/belay/cmd/belay/commands/rebuild.go:57.52,59.3 1 0
github.com/davidparkercodes/belay/cmd/belay/commands/rebuild.go:61.2,65.14 2 0
github.com/davidparkercodes/belay/cmd/belay/commands/rebuild.go:65.14,66.47 1 0
github.com/davidparkercodes/belay/cmd/belay/commands/rebuild.go:66.47,71.4 4 0
github.com/davidparkercodes/belay/cmd/belay/commands/rebuild.go:74.2,79.16 4 0
github.com/davidparkercodes/belay/cmd/belay/commands/rebuild.go:79.16,81.3 1 0
github.com/davidparkercodes/belay/cmd/belay/commands/rebuild.go:83.2,89.33 7 0
github.com/davidparkercodes/belay/cmd/belay/commands/rebuild.go:89.33,91.3 1 0
github.com/davidparkercodes/belay/cmd/belay/commands/rebuild.go:92.2,96.12 4 0
github.com/davidparkercodes/belay/cmd/belay/commands/record.go:20.36,42.2 5 1
github.com/davidparkercodes/belay/cmd/belay/commands/record.go:51.57,58.16 6 0
github.com/davidparkercodes/belay/cmd/belay/commands/record.go:58.16,60.3 1 0
github.com/davidparkercodes/belay/cmd/belay/commands/record.go:62.2,63.16 2 0
github.com/davidparkercodes/belay/cmd/belay/commands/record.go:63.16,65.3 1 0
github.com/davidparkercodes/belay/cmd/belay/commands/record.go:67.2,67.30 1 0
github.com/davidparkercodes/belay/cmd/belay/commands/record.go:67.30,69.17 2 0
github.com/davidparkercodes/belay/cmd/belay/commands/record.go:69.17,71.4 1 0
github.com/davidparkercodes/belay/cmd/belay/commands/record.go:72.3,72.17 1 0
github.com/davidparkercodes/belay/cmd/belay/commands/record.go:75.2,76.15 2 0
github.com/davidparkercodes/belay/cmd/belay/commands/record.go:76.15,78.3 1 0
github.com/davidparkercodes/belay/cmd/belay/commands/record.go:80.2,87.49 2 0
github.com/davidparkercodes/belay/cmd/belay/commands/record.go:87.49,89.3 1 0
github.com/davidparkercodes/belay/cmd/belay/commands/record.go:91.2,92.68 2 0
github.com/davidparkercodes/belay/cmd/belay/commands/record.go:95.55,97.16 2 0
github.com/davidparkercodes/belay/cmd/belay/commands/record.go:97.16,99.3 1 0
github.com/davidparkercodes/belay/cmd/belay/commands/record.go:101.2,105.16 4 0
github.com/davidparkercodes/belay/cmd/belay/commands/record.go:105.16,107.3 1 0
github.com/davidparkercodes/belay/cmd/belay/commands/record.go:108.2,110.38 2 0
github.com/davidparkercodes/belay/cmd/belay/commands/record.go:110.38,114.3 3 0
github.com/davidparkercodes/belay/cmd/belay/commands/record.go:116.2,116.12 1 0
github.com/davidparkercodes/belay/cmd/belay/commands/record.go:119.94,121.16 2 0
github.com/davidparkercodes/belay/cmd/belay/commands/record.go:121.16,123.3 1 0
github.com/davidparkercodes/belay/cmd/belay/commands/record.go:125.2,138.21 3 0
github.com/davidparkercodes/belay/cmd/belay/commands/record.go:138.21,140.3 1 0
github.com/davidparkercodes/belay/cmd/belay/commands/record.go:141.2,141.20 1 0
github.com/davidparkercodes/belay/cmd/belay/commands/record.go:141.20,143.3 1 0
github.com/davidparkercodes/belay/cmd/belay/commands/record.go:144.2,146.27 2 0
github.com/davidparkercodes/belay/cmd/belay/commands/record.go:146.27,148.17 2 0
github.com/davidparkercodes/belay/cmd/belay/commands/record.go:148.17,150.4 1 0
github.com/davidparkercodes/belay/cmd/belay/commands/record.go:152.3,153.17 2 0
github.com/davidparkercodes/belay/cmd/belay/commands/record.go:153.17,155.4 1 0
github.com/davidparkercodes/belay/cmd/belay/commands/record.go:156.3,159.17 3 0
github.com/davidparkercodes/belay/cmd/belay/commands/record.go:159.17,161.4 1 0
github.com/davidparkercodes/belay/cmd/belay/commands/record.go:162.3,163.27 2 0
github.com/davidparkercodes/belay/cmd/belay/commands/record.go:166.2,167.16 2 0
github.com/davidparkercodes/belay/cmd/belay/commands/record.go:167.16,169.3 1 0
github.com/davidparkercodes/belay/cmd/belay/commands/record.go:170.2,172.48 2 0
github.com/davidparkercodes/belay/cmd/belay/commands/record.go:172.48,174.3 1 0
github.com/davidparkercodes/belay/cmd/belay/commands/record.go:176.2,176.12 1 0
github.com/davidparkercodes/belay/cmd/belay/commands/replay.go:17.36,36.2 7 1
github.com/davidparkercodes/belay/cmd/belay/commands/replay.go:38.57,47.16 8 0
github.com/davidparkercodes/belay/cmd/belay/commands/replay.go:47.16,49.3 1 0
github.com/davidparkercodes/belay/cmd/belay/commands/replay.go:51.2,52.16 2 0
github.com/davidparkercodes/belay/cmd/belay/commands/replay.go:52.16,54.3 1 0
github.com/davidparkercodes/belay/cmd/belay/commands/replay.go:56.2,57.16 2 0
github.com/davidparkercodes/belay/cmd/belay/commands/replay.go:57.16,59.3 1 0
github.com/davidparkercodes/belay/cmd/belay/commands/replay.go:60.2,63.16 3 0
github.com/davidparkercodes/belay/cmd/belay/commands/replay.go:63.16,65.3 1 0
github.com/davidparkercodes/belay/cmd/belay/commands/replay.go:66.2,72.16 3 0
github.com/davidparkercodes/belay/cmd/belay/commands/replay.go:72.16,74.3 1 0
github.com/davidparkercodes/belay/cmd/belay/commands/replay.go:76.2,76.22 1 0
github.com/davidparkercodes/belay/cmd/belay/commands/replay.go:76.22,78.3 1 0
github.com/davidparkercodes/belay/cmd/belay/commands/replay.go:80.2,92.27 4 0
github.com/davidparkercodes/belay/cmd/belay/commands/replay.go:92.27,94.14 2 0
github.com/davidparkercodes/belay/cmd/belay/commands/replay.go:94.14,101.4 3 0
github.com/davidparkercodes/belay/cmd/belay/commands/replay.go:102.3,106.10 4 0
github.com/davidparkercodes/belay/cmd/belay/commands/replay.go:107.34,108.23 1 0
github.com/davidparkercodes/belay/cmd/belay/commands/replay.go:109.54,110.23 1 0
github.com/davidparkercodes/belay/cmd/belay/commands/replay.go:111.11,112.28 1 0
github.com/davidparkercodes/belay/cmd/belay/commands/replay.go:112.28,114.5 1 0
github.com/davidparkercodes/belay/cmd/belay/commands/replay.go:118.2,118.30 1 0
github.com/davidparkercodes/belay/cmd/belay/commands/replay.go:118.30,119.47 1 0
github.com/davidparkercodes/belay/cmd/belay/commands/replay.go:119.47,121.4 1 0
github.com/davidparkercodes/belay/cmd/belay/commands/replay.go:124.2,124.16 1 0
github.com/davidparkercodes/belay/cmd/belay/commands/replay.go:124.16,126.34 2 0
github.com/davidparkercodes/belay/cmd/belay/commands/replay.go:126.34,127.33 1 0
github.com/davidparkercodes/belay/cmd/belay/commands/replay.go:127.33,129.5 1 0
github.com/davidparkercodes/belay/cmd/belay/commands/replay.go:131.3,138.28 4 0
github.com/davidparkercodes/belay/cmd/belay/commands/replay.go:141.2,142.27 2 0
github.com/davidparkercodes/belay/cmd/belay/commands/replay.go:142.27,143.19 1 0
github.com/davidparkercodes/belay/cmd/belay/commands/replay.go:144.17,145.13 1 0
github.com/davidparkercodes/belay/cmd/belay/commands/replay.go:146.17,147.14 1 0
github.com/davidparkercodes/belay/cmd/belay/commands/replay.go:148.17,149.13 1 0
github.com/davidparkercodes/belay/cmd/belay/commands/replay.go:153.2,158.14 4 0
github.com/davidparkercodes/belay/cmd/belay/commands/replay.go:158.14,159.34 1 0
github.com/davidparkercodes/belay/cmd/belay/commands/replay.go:159.34,161.11 2 0
github.com/davidparkercodes/belay/cmd/belay/commands/replay.go:161.11,162.13 1 0
github.com/davidparkercodes/belay/cmd/belay/commands/replay.go:164.4,164.20 1 0
github.com/davidparkercodes/belay/cmd/belay/commands/replay.go:165.18,166.71 1 0
github.com/davidparkercodes/belay/cmd/belay/commands/replay.go:167.18,168.71 1 0
github.com/davidparkercodes/belay/cmd/belay/commands/replay.go:169.18,170.71 1 0
github.com/davidparkercodes/belay/cmd/belay/commands/replay.go:173.3,173.13 1 0
github.com/davidparkercodes/belay/cmd/belay/commands/replay.go:176.2,176.15 1 0
github.com/davidparkercodes/belay/cmd/belay/commands/replay.go:176.15,177.34 1 0
github.com/davidparkercodes/belay/cmd/belay/commands/replay.go:177.34,179.11 2 0
github.com/davidparkercodes/belay/cmd/belay/commands/replay.go:179.11,180.13 1 0
github.com/davidparkercodes/belay/cmd/belay/commands/replay.go:183.4,184.24 2 0
github.com/davidparkercodes/belay/cmd/belay/commands/replay.go:184.24,187.5 2 0
github.com/davidparkercodes/belay/cmd/belay/commands/replay.go:188.4,188.48 1 0
github.com/davidparkercodes/belay/cmd/belay/commands/replay.go:188.48,191.5 2 0
github.com/davidparkercodes/belay/cmd/belay/commands/replay.go:193.4,193.28 1 0
github.com/davidparkercodes/belay/cmd/belay/commands/replay.go:193.28,196.5 2 0
github.com/davidparkercodes/belay/cmd/belay/commands/replay.go:196.10,196.35 1 0
github.com/davidparkercodes/belay/cmd/belay/commands/replay.go:196.35,199.5 2 0
github.com/davidparkercodes/belay/cmd/belay/commands/replay.go:199.10,202.5 2 0
github.com/davidparkercodes/belay/cmd/belay/commands/replay.go:203.4,204.17 2 0
github.com/davidparkercodes/belay/cmd/belay/commands/replay.go:206.3,206.13 1 0
github.com/davidparkercodes/belay/cmd/belay/commands/replay.go:209.2,209.21 1 0
github.com/davidparkercodes/belay/cmd/belay/commands/replay.go:209.21,210.96 1 0
github.com/davidparkercodes/belay/cmd/belay/commands/replay.go:210.96,213.4 2 0
github.com/davidparkercodes/belay/cmd/belay/commands/replay.go:215.3,215.54 1 0
github.com/davidparkercodes/belay/cmd/belay/commands/replay.go:215.54,217.4 1 0
github.com/davidparkercodes/belay/cmd/belay/commands/replay.go:219.3,219.34 1 0
github.com/davidparkercodes/belay/cmd/belay/commands/replay.go:219.34,221.35 2 0
github.com/davidparkercodes/belay/cmd/belay/commands/replay.go:221.35,222.13 1 0
github.com/davidparkercodes/belay/cmd/belay/commands/replay.go:224.4,224.24 1 0
github.com/davidparkercodes/belay/cmd/belay/commands/replay.go:224.24,225.13 1 0
github.com/davidparkercodes/belay/cmd/belay/commands/replay.go:228.4,229.18 2 0
github.com/davidparkercodes/belay/cmd/belay/commands/replay.go:229.18,231.13 2 0
github.com/davidparkercodes/belay/cmd/belay/commands/replay.go:234.4,237.22 3 0
github.com/davidparkercodes/belay/cmd/belay/commands/replay.go:237.22,240.5 1 0
github.com/davidparkercodes/belay/cmd/belay/commands/replay.go:241.4,242.22 2 0
github.com/davidparkercodes/belay/cmd/belay/commands/replay.go:242.22,244.5 1 0
github.com/davidparkercodes/belay/cmd/belay/commands/replay.go:245.4,245.107 1 0
github.com/davidparkercodes/belay/cmd/belay/commands/replay.go:245.107,247.13 2 0
github.com/davidparkercodes/belay/cmd/belay/commands/replay.go:249.4,250.60 2 0
github.com/davidparkercodes/belay/cmd/belay/commands/replay.go:250.60,252.13 2 0
github.com/davidparkercodes/belay/cmd/belay/commands/replay.go:254.4,254.71 1 0
github.com/davidparkercodes/belay/cmd/belay/commands/replay.go:256.3,257.13 2 0
github.com/davidparkercodes/belay/cmd/belay/commands/replay.go:260.2,260.33 1 0
github.com/davidparkercodes/belay/cmd/belay/commands/replay.go:260.33,262.10 2 0
github.com/davidparkercodes/belay/cmd/belay/commands/replay.go:262.10,263.12 1 0
github.com/davidparkercodes/belay/cmd/belay/commands/replay.go:265.3,265.19 1 0
github.com/davidparkercodes/belay/cmd/belay/commands/replay.go:266.17,267.70 1 0
github.com/davidparkercodes/belay/cmd/belay/commands/replay.go:268.17,269.70 1 0
github.com/davidparkercodes/belay/cmd/belay/commands/replay.go:270.17,271.70 1 0
github.com/davidparkercodes/belay/cmd/belay/commands/replay.go:275.2,275.12 1 0
github.com/davidparkercodes/belay/cmd/belay/commands/restore.go:17.37,35.2 7 1
github.com/davidparkercodes/belay/cmd/belay/commands/restore.go:37.58,47.16 8 0
github.com/davidparkercodes/belay/cmd/belay/commands/restore.go:47.16,49.3 1 0
github.com/davidparkercodes/belay/cmd/belay/commands/restore.go:51.2,52.16 2 0
github.com/davidparkercodes/belay/cmd/belay/commands/restore.go:52.16,54.3 1 0
github.com/davidparkercodes/belay/cmd/belay/commands/restore.go:56.2,57.16 2 0
github.com/davidparkercodes/belay/cmd/belay/commands/restore.go:57.16,59.3 1 0
github.com/davidparkercodes/belay/cmd/belay/commands/restore.go:60.2,63.16 3 0
github.com/davidparkercodes/belay/cmd/belay/commands/restore.go:63.16,65.3 1 0
github.com/davidparkercodes/belay/cmd/belay/commands/restore.go:66.2,70.19 3 0
github.com/davidparkercodes/belay/cmd/belay/commands/restore.go:70.19,72.17 2 0
github.com/davidparkercodes/belay/cmd/belay/commands/restore.go:72.17,74.4 1 0
github.com/davidparkercodes/belay/cmd/belay/commands/restore.go:75.8,75.25 1 0
github.com/davidparkercodes/belay/cmd/belay/commands/restore.go:75.25,77.17 2 0
github.com/davidparkercodes/belay/cmd/belay/commands/restore.go:77.17,79.4 1 0
github.com/davidparkercodes/belay/cmd/belay/commands/restore.go:80.3,86.37 2 0
github.com/davidparkercodes/belay/cmd/belay/commands/restore.go:86.37,88.4 1 0
github.com/davidparkercodes/belay/cmd/belay/commands/restore.go:89.3,89.26 1 0
github.com/davidparkercodes/belay/cmd/belay/commands/restore.go:90.8,90.28 1 0
github.com/davidparkercodes/belay/cmd/belay/commands/restore.go:90.28,97.37 2 0
github.com/davidparkercodes/belay/cmd/belay/commands/restore.go:97.37,99.4 1 0
github.com/davidparkercodes/belay/cmd/belay/commands/restore.go:100.3,106.43 2 0
github.com/davidparkercodes/belay/cmd/belay/commands/restore.go:106.43,108.4 1 0
github.com/davidparkercodes/belay/cmd/belay/commands/restore.go:109.3,109.32 1 0
github.com/davidparkercodes/belay/cmd/belay/commands/restore.go:110.8,112.17 2 0
github.com/davidparkercodes/belay/cmd/belay/commands/restore.go:112.17,114.4 1 0
github.com/davidparkercodes/belay/cmd/belay/commands/restore.go:117.2,117.39 1 0
github.com/davidparkercodes/belay/cmd/belay/commands/restore.go:117.39,119.3 1 0
github.com/davidparkercodes/belay/cmd/belay/commands/restore.go:121.2,121.35 1 0
github.com/davidparkercodes/belay/cmd/belay/commands/restore.go:121.35,123.3 1 0
github.com/davidparkercodes/belay/cmd/belay/commands/restore.go:125.2,126.16 2 0
github.com/davidparkercodes/belay/cmd/belay/commands/restore.go:126.16,128.3 1 0
github.com/davidparkercodes/belay/cmd/belay/commands/restore.go:130.2,133.16 3 0
github.com/davidparkercodes/belay/cmd/belay/commands/restore.go:133.16,136.3 1 0
github.com/davidparkercodes/belay/cmd/belay/commands/restore.go:137.2,138.16 2 0
github.com/davidparkercodes/belay/cmd/belay/commands/restore.go:138.16,140.3 1 0
github.com/davidparkercodes/belay/cmd/belay/commands/restore.go:141.2,141.95 1 0
github.com/davidparkercodes/belay/cmd/belay/commands/restore.go:141.95,143.3 1 0
github.com/davidparkercodes/belay/cmd/belay/commands/restore.go:145.2,150.33 5 0
github.com/davidparkercodes/belay/cmd/belay/commands/restore.go:150.33,152.3 1 0
github.com/davidparkercodes/belay/cmd/belay/commands/restore.go:154.2,155.20 2 0
github.com/davidparkercodes/belay/cmd/belay/commands/restore.go:155.20,157.45 2 0
github.com/davidparkercodes/belay/cmd/belay/commands/restore.go:157.45,160.4 2 0
github.com/davidparkercodes/belay/cmd/belay/commands/restore.go:161.3,161.104 1 0
github.com/davidparkercodes/belay/cmd/belay/commands/restore.go:162.8,164.3 1 0
github.com/davidparkercodes/belay/cmd/belay/commands/restore.go:166.2,166.12 1 0
github.com/davidparkercodes/belay/cmd/belay/commands/restore.go:166.12,169.3 2 0
github.com/davidparkercodes/belay/cmd/belay/commands/restore.go:171.2,171.87 1 0
github.com/davidparkercodes/belay/cmd/belay/commands/restore.go:171.87,174.3 2 0
github.com/davidparkercodes/belay/cmd/belay/commands/restore.go:176.2,176.20 1 0
github.com/davidparkercodes/belay/cmd/belay/commands/restore.go:176.20,178.22 2 0
github.com/davidparkercodes/belay/cmd/belay/commands/restore.go:178.22,180.4 1 0
github.com/davidparkercodes/belay/cmd/belay/commands/restore.go:183.2,183.65 1 0
github.com/davidparkercodes/belay/cmd/belay/commands/restore.go:183.65,185.3 1 0
github.com/davidparkercodes/belay/cmd/belay/commands/restore.go:187.2,187.61 1 0
github.com/davidparkercodes/belay/cmd/belay/commands/restore.go:187.61,189.3 1 0
github.com/davidparkercodes/belay/cmd/belay/commands/restore.go:191.2,195.12 4 0
github.com/davidparkercodes/belay/cmd/belay/commands/root.go:9.48,46.2 4 1
github.com/davidparkercodes/belay/cmd/belay/commands/safety.go:25.95,26.26 1 1
github.com/davidparkercodes/belay/cmd/belay/commands/safety.go:26.26,28.3 1 1
github.com/davidparkercodes/belay/cmd/belay/commands/safety.go:29.2,29.14 1 1
github.com/davidparkercodes/belay/cmd/belay/commands/safety.go:29.14,31.3 1 1
github.com/davidparkercodes/belay/cmd/belay/commands/safety.go:32.2,32.12 1 1
github.com/davidparkercodes/belay/cmd/belay/commands/sessions.go:15.38,37.2 8 1
github.com/davidparkercodes/belay/cmd/belay/commands/sessions.go:39.42,51.2 7 1
github.com/davidparkercodes/belay/cmd/belay/commands/sessions.go:53.63,61.28 7 0
github.com/davidparkercodes/belay/cmd/belay/commands/sessions.go:61.28,63.3 1 0
github.com/davidparkercodes/belay/cmd/belay/commands/sessions.go:65.2,66.16 2 0
github.com/davidparkercodes/belay/cmd/belay/commands/sessions.go:66.16,68.3 1 0
github.com/davidparkercodes/belay/cmd/belay/commands/sessions.go:70.2,71.16 2 0
github.com/davidparkercodes/belay/cmd/belay/commands/sessions.go:71.16,73.3 1 0
github.com/davidparkercodes/belay/cmd/belay/commands/sessions.go:75.2,76.16 2 0
github.com/davidparkercodes/belay/cmd/belay/commands/sessions.go:76.16,78.3 1 0
github.com/davidparkercodes/belay/cmd/belay/commands/sessions.go:79.2,82.16 3 0
github.com/davidparkercodes/belay/cmd/belay/commands/sessions.go:82.16,84.3 1 0
github.com/davidparkercodes/belay/cmd/belay/commands/sessions.go:86.2,86.24 1 0
github.com/davidparkercodes/belay/cmd/belay/commands/sessions.go:86.24,90.3 3 0
github.com/davidparkercodes/belay/cmd/belay/commands/sessions.go:92.2,92.16 1 0
github.com/davidparkercodes/belay/cmd/belay/commands/sessions.go:92.16,94.30 2 0
github.com/davidparkercodes/belay/cmd/belay/commands/sessions.go:94.30,96.4 1 0
github.com/davidparkercodes/belay/cmd/belay/commands/sessions.go:97.3,99.34 3 0
github.com/davidparkercodes/belay/cmd/belay/commands/sessions.go:102.2,106.29 4 0
github.com/davidparkercodes/belay/cmd/belay/commands/sessions.go:106.29,108.28 2 0
github.com/davidparkercodes/belay/cmd/belay/commands/sessions.go:109.17,110.44 1 0
github.com/davidparkercodes/belay/cmd/belay/commands/sessions.go:111.18,112.44 1 0
github.com/davidparkercodes/belay/cmd/belay/commands/sessions.go:115.3,116.18 2 0
github.com/davidparkercodes/belay/cmd/belay/commands/sessions.go:116.18,118.4 1 0
github.com/davidparkercodes/belay/cmd/belay/commands/sessions.go:120.3,121.20 2 0
github.com/davidparkercodes/belay/cmd/belay/commands/sessions.go:121.20,123.4 1 0
github.com/davidparkercodes/belay/cmd/belay/commands/sessions.go:125.3,129.4 1 0
github.com/davidparkercodes/belay/cmd/belay/commands/sessions.go:131.2,133.12 2 0
github.com/davidparkercodes/belay/cmd/belay/commands/sessions.go:136.42,141.55 1 1
github.com/davidparkercodes/belay/cmd/belay/commands/sessions.go:141.55,145.18 3 0
github.com/davidparkercodes/belay/cmd/belay/commands/sessions.go:145.18,147.5 1 0
github.com/davidparkercodes/belay/cmd/belay/commands/sessions.go:149.4,150.18 2 0
github.com/davidparkercodes/belay/cmd/belay/commands/sessions.go:150.18,152.5 1 0
github.com/davidparkercodes/belay/cmd/belay/commands/sessions.go:154.4,155.18 2 0
github.com/davidparkercodes/belay/cmd/belay/commands/sessions.go:155.18,157.5 1 0
github.com/davidparkercodes/belay/cmd/belay/commands/sessions.go:158.4,161.18 3 0
github.com/davidparkercodes/belay/cmd/belay/commands/sessions.go:161.18,163.5 1 0
github.com/davidparkercodes/belay/cmd/belay/commands/sessions.go:165.4,170.18 2 0
github.com/davidparkercodes/belay/cmd/belay/commands/sessions.go:170.18,172.5 1 0
github.com/davidparkercodes/belay/cmd/belay/commands/sessions.go:174.4,174.18 1 0
github.com/davidparkercodes/belay/cmd/belay/commands/sessions.go:174.18,182.5 4 0
github.com/davidparkercodes/belay/cmd/belay/commands/sessions.go:184.4,189.33 6 0
github.com/davidparkercodes/belay/cmd/belay/commands/sessions.go:189.33,191.5 1 0
github.com/davidparkercodes/belay/cmd/belay/commands/sessions.go:192.4,193.27 2 0
github.com/davidparkercodes/belay/cmd/belay/commands/sessions.go:193.27,195.5 1 0
github.com/davidparkercodes/belay/cmd/belay/commands/sessions.go:196.4,199.23 3 0
github.com/davidparkercodes/belay/cmd/belay/commands/sessions.go:199.23,201.30 2 0
github.com/davidparkercodes/belay/cmd/belay/commands/sessions.go:201.30,204.27 3 0
github.com/davidparkercodes/belay/cmd/belay/commands/sessions.go:204.27,206.7 1 0
github.com/davidparkercodes/belay/cmd/belay/commands/sessions.go:207.6,207.19 1 0
github.com/davidparkercodes/belay/cmd/belay/commands/sessions.go:211.4,211.14 1 0
github.com/davidparkercodes/belay/cmd/belay/commands/sessions.go:214.2,215.12 2 1
github.com/davidparkercodes/belay/cmd/belay/commands/sessions.go:218.44,226.2 3 1
github.com/davidparkercodes/belay/cmd/belay/commands/sessions.go:228.65,232.16 3 0
github.com/davidparkercodes/belay/cmd/belay/commands/sessions.go:232.16,234.3 1 0
github.com/davidparkercodes/belay/cmd/belay/commands/sessions.go:236.2,237.16 2 0
github.com/davidparkercodes/belay/cmd/belay/commands/sessions.go:237.16,239.3 1 0
github.com/davidparkercodes/belay/cmd/belay/commands/sessions.go:241.2,242.16 2 0
github.com/davidparkercodes/belay/cmd/belay/commands/sessions.go:242.16,244.3 1 0
github.com/davidparkercodes/belay/cmd/belay/commands/sessions.go:245.2,248.16 3 0
github.com/davidparkercodes/belay/cmd/belay/commands/sessions.go:248.16,250.3 1 0
github.com/davidparkercodes/belay/cmd/belay/commands/sessions.go:252.2,252.24 1 0
github.com/davidparkercodes/belay/cmd/belay/commands/sessions.go:252.24,255.3 2 0
github.com/davidparkercodes/belay/cmd/belay/commands/sessions.go:257.2,257.16 1 0
github.com/davidparkercodes/belay/cmd/belay/commands/sessions.go:257.16,259.30 2 0
github.com/davidparkercodes/belay/cmd/belay/commands/sessions.go:259.30,261.4 1 0
github.com/davidparkercodes/belay/cmd/belay/commands/sessions.go:262.3,264.34 3 0
github.com/davidparkercodes/belay/cmd/belay/commands/sessions.go:267.2,271.29 4 0
github.com/davidparkercodes/belay/cmd/belay/commands/sessions.go:271.29,275.18 3 0
github.com/davidparkercodes/belay/cmd/belay/commands/sessions.go:275.18,277.4 1 0
github.com/davidparkercodes/belay/cmd/belay/commands/sessions.go:279.3,280.20 2 0
github.com/davidparkercodes/belay/cmd/belay/commands/sessions.go:280.20,282.4 1 0
github.com/davidparkercodes/belay/cmd/belay/commands/sessions.go:284.3,288.4 1 0
github.com/davidparkercodes/belay/cmd/belay/commands/sessions.go:290.2,292.12 2 0
github.com/davidparkercodes/belay/cmd/belay/commands/sessions.go:295.43,300.55 1 1
github.com/davidparkercodes/belay/cmd/belay/commands/sessions.go:300.55,302.18 2 0
github.com/davidparkercodes/belay/cmd/belay/commands/sessions.go:302.18,304.5 1 0
github.com/davidparkercodes/belay/cmd/belay/commands/sessions.go:306.4,307.18 2 0
github.com/davidparkercodes/belay/cmd/belay/commands/sessions.go:307.18,309.5 1 0
github.com/davidparkercodes/belay/cmd/belay/commands/sessions.go:311.4,312.18 2 0
github.com/davidparkercodes/belay/cmd/belay/commands/sessions.go:312.18,314.5 1 0
github.com/davidparkercodes/belay/cmd/belay/commands/sessions.go:315.4,317.67 2 0
github.com/davidparkercodes/belay/cmd/belay/commands/sessions.go:317.67,319.5 1 0
github.com/davidparkercodes/belay/cmd/belay/commands/sessions.go:321.4,322.14 2 0
github.com/davidparkercodes/belay/cmd/belay/commands/snapshot.go:17.38,35.2 9 1
github.com/davidparkercodes/belay/cmd/belay/commands/snapshot.go:37.59,46.16 8 0
github.com/davidparkercodes/belay/cmd/belay/commands/snapshot.go:46.16,48.3 1 0
github.com/davidparkercodes/belay/cmd/belay/commands/snapshot.go:50.2,51.16 2 0
github.com/davidparkercodes/belay/cmd/belay/commands/snapshot.go:51.16,53.3 1 0
github.com/davidparkercodes/belay/cmd/belay/commands/snapshot.go:55.2,56.16 2 0
github.com/davidparkercodes/belay/cmd/belay/commands/snapshot.go:56.16,58.3 1 0
github.com/davidparkercodes/belay/cmd/belay/commands/snapshot.go:59.2,62.16 3 0
github.com/davidparkercodes/belay/cmd/belay/commands/snapshot.go:62.16,64.3 1 0
github.com/davidparkercodes/belay/cmd/belay/commands/snapshot.go:65.2,68.16 3 0
github.com/davidparkercodes/belay/cmd/belay/commands/snapshot.go:68.16,70.3 1 0
github.com/davidparkercodes/belay/cmd/belay/commands/snapshot.go:71.2,73.22 2 0
github.com/davidparkercodes/belay/cmd/belay/commands/snapshot.go:73.22,80.37 2 0
github.com/davidparkercodes/belay/cmd/belay/commands/snapshot.go:80.37,82.4 1 0
github.com/davidparkercodes/belay/cmd/belay/commands/snapshot.go:83.3,83.40 1 0
github.com/davidparkercodes/belay/cmd/belay/commands/snapshot.go:83.40,85.4 1 0
github.com/davidparkercodes/belay/cmd/belay/commands/snapshot.go:86.3,87.17 2 0
github.com/davidparkercodes/belay/cmd/belay/commands/snapshot.go:87.17,89.4 1 0
github.com/davidparkercodes/belay/cmd/belay/commands/snapshot.go:90.3,91.13 2 0
github.com/davidparkercodes/belay/cmd/belay/commands/snapshot.go:94.2,98.16 2 0
github.com/davidparkercodes/belay/cmd/belay/commands/snapshot.go:98.16,100.3 1 0
github.com/davidparkercodes/belay/cmd/belay/commands/snapshot.go:102.2,110.27 3 0
github.com/davidparkercodes/belay/cmd/belay/commands/snapshot.go:110.27,112.14 2 0
github.com/davidparkercodes/belay/cmd/belay/commands/snapshot.go:112.14,115.4 2 0
github.com/davidparkercodes/belay/cmd/belay/commands/snapshot.go:116.3,116.32 1 0
github.com/davidparkercodes/belay/cmd/belay/commands/snapshot.go:116.32,118.4 1 0
github.com/davidparkercodes/belay/cmd/belay/commands/snapshot.go:118.9,122.4 3 0
github.com/davidparkercodes/belay/cmd/belay/commands/snapshot.go:125.2,125.30 1 0
github.com/davidparkercodes/belay/cmd/belay/commands/snapshot.go:125.30,126.17 1 0
github.com/davidparkercodes/belay/cmd/belay/commands/snapshot.go:126.17,128.4 1 0
github.com/davidparkercodes/belay/cmd/belay/commands/snapshot.go:131.2,133.16 2 0
github.com/davidparkercodes/belay/cmd/belay/commands/snapshot.go:133.16,135.28 2 0
github.com/davidparkercodes/belay/cmd/belay/commands/snapshot.go:135.28,137.4 1 0
github.com/davidparkercodes/belay/cmd/belay/commands/snapshot.go:138.3,140.28 3 0
github.com/davidparkercodes/belay/cmd/belay/commands/snapshot.go:143.2,143.14 1 0
github.com/davidparkercodes/belay/cmd/belay/commands/snapshot.go:143.14,144.28 1 0
github.com/davidparkercodes/belay/cmd/belay/commands/snapshot.go:144.28,146.4 1 0
github.com/davidparkercodes/belay/cmd/belay/commands/snapshot.go:147.3,147.13 1 0
github.com/davidparkercodes/belay/cmd/belay/commands/snapshot.go:150.2,150.21 1 0
github.com/davidparkercodes/belay/cmd/belay/commands/snapshot.go:150.21,151.97 1 0
github.com/davidparkercodes/belay/cmd/belay/commands/snapshot.go:151.97,154.4 2 0
github.com/davidparkercodes/belay/cmd/belay/commands/snapshot.go:156.3,156.54 1 0
github.com/davidparkercodes/belay/cmd/belay/commands/snapshot.go:156.54,158.4 1 0
github.com/davidparkercodes/belay/cmd/belay/commands/snapshot.go:160.3,161.28 2 0
github.com/davidparkercodes/belay/cmd/belay/commands/snapshot.go:161.28,162.28 1 0
github.com/davidparkercodes/belay/cmd/belay/commands/snapshot.go:162.28,163.13 1 0
github.com/davidparkercodes/belay/cmd/belay/commands/snapshot.go:165.4,166.18 2 0
github.com/davidparkercodes/belay/cmd/belay/commands/snapshot.go:166.18,168.13 2 0
github.com/davidparkercodes/belay/cmd/belay/commands/snapshot.go:171.4,174.22 3 0
github.com/davidparkercodes/belay/cmd/belay/commands/snapshot.go:174.22,177.5 1 0
github.com/davidparkercodes/belay/cmd/belay/commands/snapshot.go:178.4,179.22 2 0
github.com/davidparkercodes/belay/cmd/belay/commands/snapshot.go:179.22,181.5 1 0
github.com/davidparkercodes/belay/cmd/belay/commands/snapshot.go:182.4,182.107 1 0
github.com/davidparkercodes/belay/cmd/belay/commands/snapshot.go:182.107,184.13 2 0
github.com/davidparkercodes/belay/cmd/belay/commands/snapshot.go:186.4,187.60 2 0
github.com/davidparkercodes/belay/cmd/belay/commands/snapshot.go:187.60,189.13 2 0
github.com/davidparkercodes/belay/cmd/belay/commands/snapshot.go:191.4,191.13 1 0
github.com/davidparkercodes/belay/cmd/belay/commands/snapshot.go:193.3,194.13 2 0
github.com/davidparkercodes/belay/cmd/belay/commands/snapshot.go:197.2,197.27 1 0
github.com/davidparkercodes/belay/cmd/belay/commands/snapshot.go:197.27,199.3 1 0
github.com/davidparkercodes/belay/cmd/belay/commands/snapshot.go:201.2,201.12 1 0
github.com/davidparkercodes/belay/cmd/belay/commands/status.go:14.36,28.2 5 1
github.com/davidparkercodes/belay/cmd/belay/commands/status.go:30.57,34.16 3 0
github.com/davidparkercodes/belay/cmd/belay/commands/status.go:34.16,36.3 1 0
github.com/davidparkercodes/belay/cmd/belay/commands/status.go:38.2,39.16 2 0
github.com/davidparkercodes/belay/cmd/belay/commands/status.go:39.16,41.3 1 0
github.com/davidparkercodes/belay/cmd/belay/commands/status.go:43.2,45.16 2 0
github.com/davidparkercodes/belay/cmd/belay/commands/status.go:45.16,55.3 4 0
github.com/davidparkercodes/belay/cmd/belay/commands/status.go:57.2,63.19 6 0
github.com/davidparkercodes/belay/cmd/belay/commands/status.go:63.19,65.3 1 0
github.com/davidparkercodes/belay/cmd/belay/commands/status.go:65.8,68.3 2 0
github.com/davidparkercodes/belay/cmd/belay/commands/status.go:69.2,82.12 11 0
github.com/davidparkercodes/belay/cmd/belay/commands/status.go:85.42,88.16 3 1
github.com/davidparkercodes/belay/cmd/belay/commands/status.go:88.16,90.3 1 1
github.com/davidparkercodes/belay/cmd/belay/commands/status.go:91.2,91.32 1 1
github.com/davidparkercodes/belay/cmd/belay/commands/status.go:91.32,93.17 2 1
github.com/davidparkercodes/belay/cmd/belay/commands/status.go:93.17,94.12 1 0
github.com/davidparkercodes/belay/cmd/belay/commands/status.go:96.3,96.21 1 1
github.com/davidparkercodes/belay/cmd/belay/commands/status.go:96.21,98.4 1 1
github.com/davidparkercodes/belay/cmd/belay/commands/status.go:100.2,100.18 1 1
github.com/davidparkercodes/belay/cmd/belay/commands/status.go:103.34,105.16 2 1
github.com/davidparkercodes/belay/cmd/belay/commands/status.go:105.16,107.3 1 1
github.com/davidparkercodes/belay/cmd/belay/commands/status.go:108.2,108.20 1 1
github.com/davidparkercodes/belay/cmd/belay/commands/status.go:111.33,113.14 2 1
github.com/davidparkercodes/belay/cmd/belay/commands/status.go:113.14,115.3 1 1
github.com/davidparkercodes/belay/cmd/belay/commands/status.go:116.2,117.42 2 1
github.com/davidparkercodes/belay/cmd/belay/commands/status.go:117.42,120.3 2 1
github.com/davidparkercodes/belay/cmd/belay/commands/status.go:121.2,121.72 1 1
github.com/davidparkercodes/belay/cmd/belay/commands/status.go:124.42,125.17 1 1
github.com/davidparkercodes/belay/cmd/belay/commands/status.go:125.17,127.3 1 1
github.com/davidparkercodes/belay/cmd/belay/commands/status.go:128.2,128.14 1 1
github.com/davidparkercodes/belay/internal/api/server.go:69.204,81.2 1 1
github.com/davidparkercodes/belay/internal/api/server.go:84.32,114.18 20 1
github.com/davidparkercodes/belay/internal/api/server.go:114.18,116.3 1 0
github.com/davidparkercodes/belay/internal/api/server.go:118.2,119.15 2 1
github.com/davidparkercodes/belay/internal/api/server.go:119.15,121.3 1 0
github.com/davidparkercodes/belay/internal/api/server.go:122.2,123.16 2 1
github.com/davidparkercodes/belay/internal/api/server.go:123.16,125.3 1 0
github.com/davidparkercodes/belay/internal/api/server.go:127.2,138.16 4 1
github.com/davidparkercodes/belay/internal/api/server.go:138.16,140.3 1 0
github.com/davidparkercodes/belay/internal/api/server.go:142.2,142.65 1 1
github.com/davidparkercodes/belay/internal/api/server.go:142.65,144.3 1 0
github.com/davidparkercodes/belay/internal/api/server.go:145.2,146.18 2 1
github.com/davidparkercodes/belay/internal/api/server.go:146.18,148.3 1 0
github.com/davidparkercodes/belay/internal/api/server.go:149.2,149.12 1 1
github.com/davidparkercodes/belay/internal/api/server.go:149.12,150.75 1 1
github.com/davidparkercodes/belay/internal/api/server.go:150.75,152.4 1 0
github.com/davidparkercodes/belay/internal/api/server.go:155.2,155.12 1 1
github.com/davidparkercodes/belay/internal/api/server.go:159.31,160.17 1 1
github.com/davidparkercodes/belay/internal/api/server.go:160.17,162.3 1 1
github.com/davidparkercodes/belay/internal/api/server.go:163.2,163.21 1 1
github.com/davidparkercodes/belay/internal/api/server.go:163.21,165.3 1 1
github.com/davidparkercodes/belay/internal/api/server.go:166.2,168.31 3 1
github.com/davidparkercodes/belay/internal/api/server.go:172.47,175.35 3 1
github.com/davidparkercodes/belay/internal/api/server.go:175.35,176.10 1 1
github.com/davidparkercodes/belay/internal/api/server.go:177.18,177.18 0 1
github.com/davidparkercodes/belay/internal/api/server.go:178.11,178.11 0 1
github.com/davidparkercodes/belay/internal/api/server.go:184.71,191.28 3 1
github.com/davidparkercodes/belay/internal/api/server.go:191.28,194.3 2 0
github.com/davidparkercodes/belay/internal/api/server.go:196.2,197.20 2 1
github.com/davidparkercodes/belay/internal/api/server.go:200.71,203.46 2 1
github.com/davidparkercodes/belay/internal/api/server.go:203.46,204.50 1 1
github.com/davidparkercodes/belay/internal/api/server.go:204.50,206.4 1 1
github.com/davidparkercodes/belay/internal/api/server.go:208.2,208.46 1 1
github.com/davidparkercodes/belay/internal/api/server.go:208.46,209.56 1 1
github.com/davidparkercodes/belay/internal/api/server.go:209.56,211.4 1 1
github.com/davidparkercodes/belay/internal/api/server.go:213.2,213.45 1 1
github.com/davidparkercodes/belay/internal/api/server.go:213.45,215.3 1 1
github.com/davidparkercodes/belay/internal/api/server.go:216.2,216.48 1 1
github.com/davidparkercodes/belay/internal/api/server.go:216.48,218.3 1 1
github.com/davidparkercodes/belay/internal/api/server.go:219.2,219.46 1 1
github.com/davidparkercodes/belay/internal/api/server.go:219.46,220.44 1 1
github.com/davidparkercodes/belay/internal/api/server.go:220.44,222.4 1 1
github.com/davidparkercodes/belay/internal/api/server.go:224.2,224.52 1 1
github.com/davidparkercodes/belay/internal/api/server.go:224.52,227.30 3 0
github.com/davidparkercodes/belay/internal/api/server.go:227.30,229.16 2 0
github.com/davidparkercodes/belay/internal/api/server.go:230.16,231.58 1 0
github.com/davidparkercodes/belay/internal/api/server.go:232.14,233.132 1 0
github.com/davidparkercodes/belay/internal/api/server.go:234.15,235.57 1 0
github.com/davidparkercodes/belay/internal/api/server.go:238.3,238.26 1 0
github.com/davidparkercodes/belay/internal/api/server.go:238.26,241.33 3 0
github.com/davidparkercodes/belay/internal/api/server.go:241.33,242.17 1 0
github.com/davidparkercodes/belay/internal/api/server.go:242.17,245.6 2 0
github.com/davidparkercodes/belay/internal/api/server.go:247.4,247.28 1 0
github.com/davidparkercodes/belay/internal/api/server.go:250.2,250.18 1 1
github.com/davidparkercodes/belay/internal/api/server.go:250.18,252.3 1 1
github.com/davidparkercodes/belay/internal/api/server.go:253.2,256.16 3 1
github.com/davidparkercodes/belay/internal/api/server.go:256.16,259.3 2 0
github.com/davidparkercodes/belay/internal/api/server.go:261.2,264.4 1 1
github.com/davidparkercodes/belay/internal/api/server.go:267.74,270.16 3 1
github.com/davidparkercodes/belay/internal/api/server.go:270.16,273.3 2 1
github.com/davidparkercodes/belay/internal/api/server.go:274.2,274.21 1 1
github.com/davidparkercodes/belay/internal/api/server.go:277.73,282.47 3 1
github.com/davidparkercodes/belay/internal/api/server.go:282.47,284.3 1 1
github.com/davidparkercodes/belay/internal/api/server.go:287.2,287.51 1 1
github.com/davidparkercodes/belay/internal/api/server.go:287.51,288.53 1 1
github.com/davidparkercodes/belay/internal/api/server.go:288.53,290.4 1 1
github.com/davidparkercodes/belay/internal/api/server.go:293.2,294.46 2 1
github.com/davidparkercodes/belay/internal/api/server.go:294.46,295.53 1 1
github.com/davidparkercodes/belay/internal/api/server.go:295.53,297.4 1 1
github.com/davidparkercodes/belay/internal/api/server.go:300.2,301.16 2 1
github.com/davidparkercodes/belay/internal/api/server.go:301.16,304.3 2 0
github.com/davidparkercodes/belay/internal/api/server.go:306.2,307.32 2 1
github.com/davidparkercodes/belay/internal/api/server.go:307.32,309.3 1 1
github.com/davidparkercodes/belay/internal/api/server.go:311.2,314.4 1 1
github.com/davidparkercodes/belay/internal/api/server.go:317.72,320.16 3 1
github.com/davidparkercodes/belay/internal/api/server.go:320.16,325.39 2 1
github.com/davidparkercodes/belay/internal/api/server.go:325.39,328.4 2 1
github.com/davidparkercodes/belay/internal/api/server.go:329.3,330.32 2 1
github.com/davidparkercodes/belay/internal/api/server.go:330.32,331.53 1 1
github.com/davidparkercodes/belay/internal/api/server.go:331.53,333.5 1 1
github.com/davidparkercodes/belay/internal/api/server.go:335.3,340.4 1 1
github.com/davidparkercodes/belay/internal/api/server.go:342.2,346.29 5 1
github.com/davidparkercodes/belay/internal/api/server.go:349.78,356.46 3 1
github.com/davidparkercodes/belay/internal/api/server.go:356.46,357.44 1 1
github.com/davidparkercodes/belay/internal/api/server.go:357.44,359.4 1 1
github.com/davidparkercodes/belay/internal/api/server.go:362.2,363.16 2 1
github.com/davidparkercodes/belay/internal/api/server.go:363.16,366.3 2 0
github.com/davidparkercodes/belay/internal/api/server.go:368.2,372.4 1 1
github.com/davidparkercodes/belay/internal/api/server.go:375.78,379.16 3 1
github.com/davidparkercodes/belay/internal/api/server.go:379.16,382.3 2 1
github.com/davidparkercodes/belay/internal/api/server.go:384.2,384.22 1 1
github.com/davidparkercodes/belay/internal/api/server.go:387.70,390.20 3 1
github.com/davidparkercodes/belay/internal/api/server.go:390.20,391.57 1 1
github.com/davidparkercodes/belay/internal/api/server.go:391.57,393.4 1 1
github.com/davidparkercodes/belay/internal/api/server.go:396.2,401.52 2 1
github.com/davidparkercodes/belay/internal/api/server.go:401.52,404.30 3 0
github.com/davidparkercodes/belay/internal/api/server.go:404.30,406.16 2 0
github.com/davidparkercodes/belay/internal/api/server.go:407.16,408.58 1 0
github.com/davidparkercodes/belay/internal/api/server.go:409.14,410.132 1 0
github.com/davidparkercodes/belay/internal/api/server.go:411.15,412.57 1 0
github.com/davidparkercodes/belay/internal/api/server.go:415.3,415.26 1 0
github.com/davidparkercodes/belay/internal/api/server.go:415.26,418.33 3 0
github.com/davidparkercodes/belay/internal/api/server.go:418.33,419.17 1 0
github.com/davidparkercodes/belay/internal/api/server.go:419.17,422.6 2 0
github.com/davidparkercodes/belay/internal/api/server.go:424.4,424.28 1 0
github.com/davidparkercodes/belay/internal/api/server.go:427.2,428.16 2 1
github.com/davidparkercodes/belay/internal/api/server.go:428.16,431.3 2 0
github.com/davidparkercodes/belay/internal/api/server.go:433.2,442.27 3 1
github.com/davidparkercodes/belay/internal/api/server.go:442.27,444.14 2 1
github.com/davidparkercodes/belay/internal/api/server.go:444.14,452.4 2 1
github.com/davidparkercodes/belay/internal/api/server.go:453.3,453.14 1 1
github.com/davidparkercodes/belay/internal/api/server.go:456.2,457.27 2 1
github.com/davidparkercodes/belay/internal/api/server.go:457.27,459.3 1 1
github.com/davidparkercodes/belay/internal/api/server.go:461.2,464.4 1 1
github.com/davidparkercodes/belay/internal/api/server.go:467.76,469.16 2 1
github.com/davidparkercodes/belay/internal/api/server.go:469.16,472.3 2 1
github.com/davidparkercodes/belay/internal/api/server.go:474.2,475.46 2 1
github.com/davidparkercodes/belay/internal/api/server.go:475.46,476.44 1 1
github.com/davidparkercodes/belay/internal/api/server.go:476.44,478.4 1 1
github.com/davidparkercodes/belay/internal/api/server.go:481.2,486.16 2 1
github.com/davidparkercodes/belay/internal/api/server.go:486.16,489.3 2 0
github.com/davidparkercodes/belay/internal/api/server.go:491.2,495.4 1 1
github.com/davidparkercodes/belay/internal/api/server.go:498.76,500.16 2 1
github.com/davidparkercodes/belay/internal/api/server.go:500.16,503.3 2 1
github.com/davidparkercodes/belay/internal/api/server.go:505.2,506.16 2 1
github.com/davidparkercodes/belay/internal/api/server.go:506.16,509.3 2 1
github.com/davidparkercodes/belay/internal/api/server.go:511.2,513.15 3 1
[...]
github.com/davidparkercodes/belay/internal/watcher/watcher_darwin.go:169.53,171.4 1 1
github.com/davidparkercodes/belay/internal/watcher/watcher_darwin.go:172.3,172.25 1 1
github.com/davidparkercodes/belay/internal/watcher/watcher_darwin.go:173.39,174.25 1 1
github.com/davidparkercodes/belay/internal/watcher/watcher_darwin.go:175.40,176.25 1 1
github.com/davidparkercodes/belay/internal/watcher/watcher_darwin.go:177.93,178.11 1 1
github.com/davidparkercodes/belay/internal/watcher/watcher_darwin.go:179.10,180.37 1 1
github.com/davidparkercodes/belay/internal/watcher/watcher_darwin.go:180.37,182.4 1 1
github.com/davidparkercodes/belay/internal/watcher/watcher_darwin.go:183.3,183.11 1 1
github.com/davidparkercodes/belay/internal/watcher/watcher_darwin.go:188.42,189.17 1 1
github.com/davidparkercodes/belay/internal/watcher/watcher_darwin.go:189.17,191.3 1 0
github.com/davidparkercodes/belay/internal/watcher/watcher_darwin.go:192.2,193.31 2 1
github.com/davidparkercodes/belay/internal/watcher/watcher_darwin.go:193.31,195.17 2 1
github.com/davidparkercodes/belay/internal/watcher/watcher_darwin.go:195.17,197.4 1 1
github.com/davidparkercodes/belay/internal/watcher/watcher_darwin.go:199.2,199.13 1 1
github.com/davidparkercodes/belay/internal/git/git.go:64.57,68.16 4 1
github.com/davidparkercodes/belay/internal/git/git.go:68.16,70.3 1 1
github.com/davidparkercodes/belay/internal/git/git.go:71.2,71.44 1 1
github.com/davidparkercodes/belay/internal/git/git.go:75.33,78.2 2 1
github.com/davidparkercodes/belay/internal/git/git.go:81.51,85.39 3 1
github.com/davidparkercodes/belay/internal/git/git.go:85.39,87.3 1 0
github.com/davidparkercodes/belay/internal/git/git.go:89.2,90.29 2 1
github.com/davidparkercodes/belay/internal/git/git.go:90.29,92.50 2 1
github.com/davidparkercodes/belay/internal/git/git.go:92.50,94.4 1 1
github.com/davidparkercodes/belay/internal/git/git.go:97.2,98.67 2 1
github.com/davidparkercodes/belay/internal/git/git.go:98.67,100.3 1 1
github.com/davidparkercodes/belay/internal/git/git.go:100.8,102.3 1 1
github.com/davidparkercodes/belay/internal/git/git.go:104.2,104.78 1 1
github.com/davidparkercodes/belay/internal/git/git.go:104.78,106.3 1 0
github.com/davidparkercodes/belay/internal/git/git.go:108.2,108.12 1 1
github.com/davidparkercodes/belay/internal/git/git.go:112.124,113.26 1 1
github.com/davidparkercodes/belay/internal/git/git.go:113.26,115.3 1 1
github.com/davidparkercodes/belay/internal/git/git.go:117.2,117.29 1 1
github.com/davidparkercodes/belay/internal/git/git.go:117.29,119.3 1 1
github.com/davidparkercodes/belay/internal/git/git.go:121.2,125.16 2 1
github.com/davidparkercodes/belay/internal/git/git.go:125.16,127.3 1 0
github.com/davidparkercodes/belay/internal/git/git.go:129.2,129.22 1 1
github.com/davidparkercodes/belay/internal/git/git.go:129.22,131.3 1 1
github.com/davidparkercodes/belay/internal/git/git.go:133.2,135.25 2 1
github.com/davidparkercodes/belay/internal/git/git.go:135.25,137.32 2 1
github.com/davidparkercodes/belay/internal/git/git.go:137.32,139.4 1 1
github.com/davidparkercodes/belay/internal/git/git.go:140.3,141.29 2 1
github.com/davidparkercodes/belay/internal/git/git.go:141.29,142.27 1 1
github.com/davidparkercodes/belay/internal/git/git.go:142.27,144.5 1 1
github.com/davidparkercodes/belay/internal/git/git.go:146.3,146.21 1 1
github.com/davidparkercodes/belay/internal/git/git.go:149.2,149.23 1 1
github.com/davidparkercodes/belay/internal/git/git.go:149.23,151.3 1 1
github.com/davidparkercodes/belay/internal/git/git.go:153.2,154.28 2 1
github.com/davidparkercodes/belay/internal/git/git.go:154.28,155.15 1 1
github.com/davidparkercodes/belay/internal/git/git.go:156.24,157.23 1 1
github.com/davidparkercodes/belay/internal/git/git.go:158.24,159.26 1 1
github.com/davidparkercodes/belay/internal/git/git.go:160.24,161.25 1 1
github.com/davidparkercodes/belay/internal/git/git.go:165.2,166.26 2 1
github.com/davidparkercodes/belay/internal/git/git.go:166.26,168.3 1 1
github.com/davidparkercodes/belay/internal/git/git.go:169.2,169.22 1 1
github.com/davidparkercodes/belay/internal/git/git.go:169.22,171.3 1 1
github.com/davidparkercodes/belay/internal/git/git.go:173.2,173.17 1 1
github.com/davidparkercodes/belay/internal/git/git.go:173.17,175.3 1 1
github.com/davidparkercodes/belay/internal/git/git.go:177.2,177.28 1 1
github.com/davidparkercodes/belay/internal/git/git.go:177.28,180.15 2 1
github.com/davidparkercodes/belay/internal/git/git.go:181.41,183.18 2 1
github.com/davidparkercodes/belay/internal/git/git.go:183.18,185.5 1 0
github.com/davidparkercodes/belay/internal/git/git.go:187.4,187.67 1 1
github.com/davidparkercodes/belay/internal/git/git.go:187.67,189.5 1 0
github.com/davidparkercodes/belay/internal/git/git.go:191.4,191.60 1 1
github.com/davidparkercodes/belay/internal/git/git.go:191.60,193.5 1 0
github.com/davidparkercodes/belay/internal/git/git.go:195.4,195.68 1 1
github.com/davidparkercodes/belay/internal/git/git.go:195.68,197.5 1 0
github.com/davidparkercodes/belay/internal/git/git.go:199.24,200.79 1 1
github.com/davidparkercodes/belay/internal/git/git.go:200.79,201.94 1 0
github.com/davidparkercodes/belay/internal/git/git.go:201.94,203.6 1 0
github.com/davidparkercodes/belay/internal/git/git.go:208.2,209.16 2 1
github.com/davidparkercodes/belay/internal/git/git.go:209.16,211.3 1 0
github.com/davidparkercodes/belay/internal/git/git.go:213.2,214.23 2 1
github.com/davidparkercodes/belay/internal/git/git.go:214.23,216.3 1 0
github.com/davidparkercodes/belay/internal/git/git.go:218.2,218.20 1 1
github.com/davidparkercodes/belay/internal/git/git.go:222.135,223.21 1 1
github.com/davidparkercodes/belay/internal/git/git.go:223.21,225.3 1 1
github.com/davidparkercodes/belay/internal/git/git.go:227.2,231.16 2 1
github.com/davidparkercodes/belay/internal/git/git.go:231.16,233.3 1 0
github.com/davidparkercodes/belay/internal/git/git.go:235.2,235.22 1 1
github.com/davidparkercodes/belay/internal/git/git.go:235.22,237.3 1 1
github.com/davidparkercodes/belay/internal/git/git.go:239.2,240.23 2 1
github.com/davidparkercodes/belay/internal/git/git.go:240.23,242.3 1 1
github.com/davidparkercodes/belay/internal/git/git.go:244.2,245.52 2 1
github.com/davidparkercodes/belay/internal/git/git.go:245.52,247.3 1 0
github.com/davidparkercodes/belay/internal/git/git.go:249.2,252.28 3 1
github.com/davidparkercodes/belay/internal/git/git.go:252.28,261.15 4 1
github.com/davidparkercodes/belay/internal/git/git.go:262.41,264.41 2 1
github.com/davidparkercodes/belay/internal/git/git.go:264.41,266.5 1 0
github.com/davidparkercodes/belay/internal/git/git.go:267.4,267.18 1 1
github.com/davidparkercodes/belay/internal/git/git.go:267.18,270.74 3 1
github.com/davidparkercodes/belay/internal/git/git.go:270.74,272.6 1 0
github.com/davidparkercodes/belay/internal/git/git.go:273.5,273.74 1 1
github.com/davidparkercodes/belay/internal/git/git.go:273.74,275.6 1 0
github.com/davidparkercodes/belay/internal/git/git.go:278.24,279.26 1 1
github.com/davidparkercodes/belay/internal/git/git.go:282.3,282.36 1 1
github.com/davidparkercodes/belay/internal/git/git.go:285.2,285.28 1 1
github.com/davidparkercodes/belay/internal/git/git.go:285.28,288.15 2 1
github.com/davidparkercodes/belay/internal/git/git.go:289.24,290.22 1 1
github.com/davidparkercodes/belay/internal/git/git.go:292.24,294.22 2 1
github.com/davidparkercodes/belay/internal/git/git.go:294.22,296.19 2 1
github.com/davidparkercodes/belay/internal/git/git.go:296.19,298.6 1 0
github.com/davidparkercodes/belay/internal/git/git.go:299.5,299.61 1 1
github.com/davidparkercodes/belay/internal/git/git.go:299.61,301.6 1 0
github.com/davidparkercodes/belay/internal/git/git.go:304.24,306.22 2 1
github.com/davidparkercodes/belay/internal/git/git.go:306.22,308.19 2 1
github.com/davidparkercodes/belay/internal/git/git.go:308.19,310.6 1 0
github.com/davidparkercodes/belay/internal/git/git.go:311.5,311.68 1 1
github.com/davidparkercodes/belay/internal/git/git.go:311.68,313.6 1 0
github.com/davidparkercodes/belay/internal/git/git.go:314.5,314.61 1 1
github.com/davidparkercodes/belay/internal/git/git.go:314.61,316.6 1 0
github.com/davidparkercodes/belay/internal/git/git.go:321.2,334.16 4 1
github.com/davidparkercodes/belay/internal/git/git.go:334.16,336.3 1 0
github.com/davidparkercodes/belay/internal/git/git.go:337.2,337.99 1 1
github.com/davidparkercodes/belay/internal/git/git.go:337.99,339.3 1 0
github.com/davidparkercodes/belay/internal/git/git.go:341.2,341.18 1 1
github.com/davidparkercodes/belay/internal/git/git.go:345.76,350.16 4 1
github.com/davidparkercodes/belay/internal/git/git.go:350.16,352.3 1 1
github.com/davidparkercodes/belay/internal/git/git.go:354.2,355.64 2 1
github.com/davidparkercodes/belay/internal/git/git.go:355.64,357.3 1 0
github.com/davidparkercodes/belay/internal/git/git.go:359.2,359.48 1 1
github.com/davidparkercodes/belay/internal/git/git.go:359.48,362.19 2 1
github.com/davidparkercodes/belay/internal/git/git.go:363.27,366.18 3 1
github.com/davidparkercodes/belay/internal/git/git.go:366.18,368.5 1 0
github.com/davidparkercodes/belay/internal/git/git.go:369.4,369.67 1 1
github.com/davidparkercodes/belay/internal/git/git.go:369.67,371.5 1 0
github.com/davidparkercodes/belay/internal/git/git.go:372.4,372.60 1 1
github.com/davidparkercodes/belay/internal/git/git.go:372.60,374.5 1 0
github.com/davidparkercodes/belay/internal/git/git.go:376.17,377.22 1 1
github.com/davidparkercodes/belay/internal/git/git.go:381.2,381.47 1 1
github.com/davidparkercodes/belay/internal/git/git.go:381.47,383.3 1 0
github.com/davidparkercodes/belay/internal/git/git.go:385.2,385.12 1 1
github.com/davidparkercodes/belay/internal/git/git.go:389.57,393.16 3 1
github.com/davidparkercodes/belay/internal/git/git.go:393.16,394.25 1 1
github.com/davidparkercodes/belay/internal/git/git.go:394.25,396.4 1 1
github.com/davidparkercodes/belay/internal/git/git.go:397.3,397.54 1 0
github.com/davidparkercodes/belay/internal/git/git.go:400.2,401.32 2 1
github.com/davidparkercodes/belay/internal/git/git.go:401.32,402.21 1 1
github.com/davidparkercodes/belay/internal/git/git.go:402.21,403.12 1 1
github.com/davidparkercodes/belay/internal/git/git.go:406.3,408.17 3 1
github.com/davidparkercodes/belay/internal/git/git.go:408.17,409.12 1 0
github.com/davidparkercodes/belay/internal/git/git.go:412.3,413.65 2 1
github.com/davidparkercodes/belay/internal/git/git.go:413.65,414.12 1 1
github.com/davidparkercodes/belay/internal/git/git.go:417.3,418.35 2 1
github.com/davidparkercodes/belay/internal/git/git.go:418.35,420.4 1 1
github.com/davidparkercodes/belay/internal/git/git.go:421.3,428.5 2 1
github.com/davidparkercodes/belay/internal/git/git.go:431.2,431.42 1 1
github.com/davidparkercodes/belay/internal/git/git.go:431.42,433.3 1 1
github.com/davidparkercodes/belay/internal/git/git.go:435.2,435.21 1 1
github.com/davidparkercodes/belay/internal/git/git.go:439.104,440.28 1 1
github.com/davidparkercodes/belay/internal/git/git.go:440.28,442.3 1 1
github.com/davidparkercodes/belay/internal/git/git.go:444.2,444.34 1 1
github.com/davidparkercodes/belay/internal/git/git.go:444.34,446.3 1 1
github.com/davidparkercodes/belay/internal/git/git.go:448.2,449.22 2 1
github.com/davidparkercodes/belay/internal/git/git.go:449.22,451.3 1 1
github.com/davidparkercodes/belay/internal/git/git.go:453.2,454.16 2 1
github.com/davidparkercodes/belay/internal/git/git.go:454.16,456.3 1 0
github.com/davidparkercodes/belay/internal/git/git.go:458.2,458.21 1 1
github.com/davidparkercodes/belay/internal/git/git.go:458.21,460.3 1 1
github.com/davidparkercodes/belay/internal/git/git.go:462.2,465.35 3 1
github.com/davidparkercodes/belay/internal/git/git.go:465.35,467.17 2 1
github.com/davidparkercodes/belay/internal/git/git.go:467.17,468.12 1 0
github.com/davidparkercodes/belay/internal/git/git.go:471.3,472.21 2 1
github.com/davidparkercodes/belay/internal/git/git.go:472.21,473.12 1 0
github.com/davidparkercodes/belay/internal/git/git.go:476.3,482.17 6 1
github.com/davidparkercodes/belay/internal/git/git.go:482.17,484.18 2 0
github.com/davidparkercodes/belay/internal/git/git.go:484.18,486.5 1 0
github.com/davidparkercodes/belay/internal/git/git.go:489.3,490.17 2 1
github.com/davidparkercodes/belay/internal/git/git.go:490.17,491.12 1 0
github.com/davidparkercodes/belay/internal/git/git.go:494.3,494.23 1 1
github.com/davidparkercodes/belay/internal/git/git.go:494.23,495.12 1 1
github.com/davidparkercodes/belay/internal/git/git.go:498.3,501.38 3 1
github.com/davidparkercodes/belay/internal/git/git.go:501.38,503.22 2 1
github.com/davidparkercodes/belay/internal/git/git.go:503.22,504.13 1 0
github.com/davidparkercodes/belay/internal/git/git.go:507.4,508.26 2 1
github.com/davidparkercodes/belay/internal/git/git.go:508.26,509.13 1 0
github.com/davidparkercodes/belay/internal/git/git.go:512.4,516.11 4 1
github.com/davidparkercodes/belay/internal/git/git.go:517.44,518.25 1 1
github.com/davidparkercodes/belay/internal/git/git.go:519.44,520.25 1 1
github.com/davidparkercodes/belay/internal/git/git.go:521.44,522.25 1 1
github.com/davidparkercodes/belay/internal/git/git.go:523.44,524.25 1 0
github.com/davidparkercodes/belay/internal/git/git.go:525.12,526.13 1 0
github.com/davidparkercodes/belay/internal/git/git.go:529.4,546.29 2 1
github.com/davidparkercodes/belay/internal/git/git.go:546.29,548.19 2 1
github.com/davidparkercodes/belay/internal/git/git.go:548.19,550.20 2 1
github.com/davidparkercodes/belay/internal/git/git.go:550.20,553.7 2 1
github.com/davidparkercodes/belay/internal/git/git.go:557.4,557.54 1 1
github.com/davidparkercodes/belay/internal/git/git.go:557.54,559.19 2 1
github.com/davidparkercodes/belay/internal/git/git.go:559.19,561.20 2 1
github.com/davidparkercodes/belay/internal/git/git.go:561.20,563.7 1 1
github.com/davidparkercodes/belay/internal/git/git.go:567.4,567.65 1 1
github.com/davidparkercodes/belay/internal/git/git.go:567.65,569.5 1 0
github.com/davidparkercodes/belay/internal/git/git.go:571.4,571.21 1 1
github.com/davidparkercodes/belay/internal/git/git.go:574.3,574.26 1 1
github.com/davidparkercodes/belay/internal/git/git.go:574.26,577.4 2 1
github.com/davidparkercodes/belay/internal/git/git.go:580.2,580.20 1 1
github.com/davidparkercodes/belay/internal/git/git.go:596.61,606.27 3 1
github.com/davidparkercodes/belay/internal/git/git.go:606.27,608.14 2 1
github.com/davidparkercodes/belay/internal/git/git.go:608.14,614.4 2 1
github.com/davidparkercodes/belay/internal/git/git.go:615.3,616.33 2 1
github.com/davidparkercodes/belay/internal/git/git.go:619.2,620.37 2 1
github.com/davidparkercodes/belay/internal/git/git.go:620.37,622.10 2 1
github.com/davidparkercodes/belay/internal/git/git.go:623.76,624.12 1 1
github.com/davidparkercodes/belay/internal/git/git.go:625.41,626.27 1 1
github.com/davidparkercodes/belay/internal/git/git.go:627.40,628.27 1 1
github.com/davidparkercodes/belay/internal/git/git.go:629.11,630.27 1 1
github.com/davidparkercodes/belay/internal/git/git.go:633.3,633.72 1 1
github.com/davidparkercodes/belay/internal/git/git.go:633.72,634.12 1 1
github.com/davidparkercodes/belay/internal/git/git.go:637.3,641.5 1 1
github.com/davidparkercodes/belay/internal/git/git.go:644.2,644.42 1 1
github.com/davidparkercodes/belay/internal/git/git.go:644.42,646.3 1 1
github.com/davidparkercodes/belay/internal/git/git.go:648.2,648.16 1 1
github.com/davidparkercodes/belay/internal/git/git.go:651.71,652.27 1 1
github.com/davidparkercodes/belay/internal/git/git.go:652.27,653.29 1 1
github.com/davidparkercodes/belay/internal/git/git.go:653.29,655.4 1 1
github.com/davidparkercodes/belay/internal/git/git.go:657.2,657.11 1 1
github.com/davidparkercodes/belay/internal/git/git.go:660.39,661.17 1 1
github.com/davidparkercodes/belay/internal/git/git.go:661.17,663.3 1 1
github.com/davidparkercodes/belay/internal/git/git.go:664.2,664.14 1 1
github.com/davidparkercodes/belay/internal/git/git.go:667.72,669.27 2 1
github.com/davidparkercodes/belay/internal/git/git.go:669.27,671.3 1 1
github.com/davidparkercodes/belay/internal/git/git.go:672.2,672.30 1 1
github.com/davidparkercodes/belay/internal/git/git.go:672.30,674.3 1 1
github.com/davidparkercodes/belay/internal/git/git.go:675.2,675.29 1 1
github.com/davidparkercodes/belay/internal/git/git.go:675.29,677.3 1 1
github.com/davidparkercodes/belay/internal/git/git.go:679.2,680.79 2 1
github.com/davidparkercodes/belay/internal/git/git.go:683.91,685.27 2 1
github.com/davidparkercodes/belay/internal/git/git.go:685.27,687.46 2 1
github.com/davidparkercodes/belay/internal/git/git.go:687.46,689.4 1 1
github.com/davidparkercodes/belay/internal/git/git.go:690.3,690.41 1 1
github.com/davidparkercodes/belay/internal/git/git.go:690.41,692.4 1 1
github.com/davidparkercodes/belay/internal/git/git.go:695.2,702.27 2 1
github.com/davidparkercodes/belay/internal/git/git.go:705.51,707.16 2 1
github.com/davidparkercodes/belay/internal/git/git.go:707.16,709.3 1 1
github.com/davidparkercodes/belay/internal/git/git.go:710.2,710.13 1 1
github.com/davidparkercodes/belay/internal/chaos/runner.go:62.17,66.2 3 1
github.com/davidparkercodes/belay/internal/chaos/runner.go:69.140,71.13 2 1
github.com/davidparkercodes/belay/internal/chaos/runner.go:71.13,73.3 1 0
github.com/davidparkercodes/belay/internal/chaos/runner.go:74.2,76.20 3 1
github.com/davidparkercodes/belay/internal/chaos/runner.go:76.20,78.3 1 0
github.com/davidparkercodes/belay/internal/chaos/runner.go:79.2,89.4 1 1
github.com/davidparkercodes/belay/internal/chaos/runner.go:93.36,96.20 3 0
github.com/davidparkercodes/belay/internal/chaos/runner.go:96.20,98.3 1 0
github.com/davidparkercodes/belay/internal/chaos/runner.go:100.2,103.36 3 0
github.com/davidparkercodes/belay/internal/chaos/runner.go:103.36,104.25 1 0
github.com/davidparkercodes/belay/internal/chaos/runner.go:104.25,106.4 1 0
github.com/davidparkercodes/belay/internal/chaos/runner.go:106.9,108.4 1 0
github.com/davidparkercodes/belay/internal/chaos/runner.go:109.3,109.31 1 0
github.com/davidparkercodes/belay/internal/chaos/runner.go:109.31,110.13 1 0
github.com/davidparkercodes/belay/internal/chaos/runner.go:111.34,112.21 1 0
github.com/davidparkercodes/belay/internal/chaos/runner.go:113.17,114.20 1 0
github.com/davidparkercodes/belay/internal/chaos/runner.go:115.21,116.24 1 0
github.com/davidparkercodes/belay/internal/chaos/runner.go:120.3,120.52 1 0
github.com/davidparkercodes/belay/internal/chaos/runner.go:120.52,121.43 1 0
github.com/davidparkercodes/belay/internal/chaos/runner.go:121.43,123.5 1 0
github.com/davidparkercodes/belay/internal/chaos/runner.go:127.2,129.15 3 0
github.com/davidparkercodes/belay/internal/chaos/runner.go:129.15,131.3 1 0
github.com/davidparkercodes/belay/internal/chaos/runner.go:133.2,152.3 2 0
github.com/davidparkercodes/belay/internal/chaos/runner.go:157.67,158.48 1 0
github.com/davidparkercodes/belay/internal/chaos/runner.go:158.48,160.3 1 0
github.com/davidparkercodes/belay/internal/chaos/runner.go:162.2,163.16 2 0
github.com/davidparkercodes/belay/internal/chaos/runner.go:163.16,165.3 1 0
github.com/davidparkercodes/belay/internal/chaos/runner.go:167.2,169.56 3 0
github.com/davidparkercodes/belay/internal/chaos/runner.go:169.56,171.3 1 0
github.com/davidparkercodes/belay/internal/chaos/runner.go:173.2,176.18 3 0
github.com/davidparkercodes/belay/internal/chaos/runner.go:182.37,183.66 1 0
github.com/davidparkercodes/belay/internal/chaos/runner.go:183.66,184.59 1 0
github.com/davidparkercodes/belay/internal/chaos/runner.go:184.59,186.4 1 0
github.com/davidparkercodes/belay/internal/chaos/runner.go:189.2,190.6 2 0
github.com/davidparkercodes/belay/internal/chaos/runner.go:190.6,192.76 2 0
github.com/davidparkercodes/belay/internal/chaos/runner.go:192.76,194.4 1 0
github.com/davidparkercodes/belay/internal/chaos/runner.go:195.3,196.18 2 0
github.com/davidparkercodes/belay/internal/chaos/runner.go:196.18,197.9 1 0
github.com/davidparkercodes/belay/internal/chaos/runner.go:199.3,199.13 1 0
github.com/davidparkercodes/belay/internal/chaos/runner.go:201.2,201.11 1 0
